Log file open, 10/26/19 02:24:02
LogWindows: Failed to load 'aqProf.dll' (GetLastError=126)
LogWindows: File 'aqProf.dll' does not exist
LogWindows: Failed to load 'VtuneApi.dll' (GetLastError=126)
LogWindows: File 'VtuneApi.dll' does not exist
LogWindows: Failed to load 'VtuneApi32e.dll' (GetLastError=126)
LogWindows: File 'VtuneApi32e.dll' does not exist
LogConsoleResponse: Display: Failed to find resolution value strings in scalability ini. Falling back to default.
LogInit: Display: Running engine for game: Kivett_Escape_Class
LogPlatformFile: Not using cached read wrapper
LogTaskGraph: Started task graph with 5 named threads and 47 total threads with 3 sets of task threads.
LogStats: Stats thread started at 2.757675
LogD3D11RHI: Loaded GFSDK_Aftermath_Lib.x64.dll
LogICUInternationalization: ICU TimeZone Detection - Raw Offset: -5:00, Platform Override: ''
LogPluginManager: Mounting plugin Paper2D
LogPluginManager: Mounting plugin AISupport
LogPluginManager: Mounting plugin LightPropagationVolume
LogPluginManager: Mounting plugin ActorLayerUtilities
LogPluginManager: Mounting plugin AnimationSharing
LogPluginManager: Mounting plugin CLionSourceCodeAccess
LogPluginManager: Mounting plugin CodeLiteSourceCodeAccess
LogPluginManager: Mounting plugin GitSourceControl
LogPluginManager: Mounting plugin KDevelopSourceCodeAccess
LogPluginManager: Mounting plugin NullSourceCodeAccess
LogPluginManager: Mounting plugin PerforceSourceControl
LogPluginManager: Mounting plugin SubversionSourceControl
LogPluginManager: Mounting plugin UObjectPlugin
LogPluginManager: Mounting plugin VisualStudioCodeSourceCodeAccess
LogPluginManager: Mounting plugin VisualStudioSourceCodeAccess
LogPluginManager: Mounting plugin XCodeSourceCodeAccess
LogPluginManager: Mounting plugin AssetManagerEditor
LogPluginManager: Mounting plugin CryptoKeys
LogPluginManager: Mounting plugin CurveEditorTools
LogPluginManager: Mounting plugin DataValidation
LogPluginManager: Mounting plugin FacialAnimation
LogPluginManager: Mounting plugin GameplayTagsEditor
LogPluginManager: Mounting plugin MacGraphicsSwitching
LogPluginManager: Mounting plugin MaterialAnalyzer
LogPluginManager: Mounting plugin MobileLauncherProfileWizard
LogPluginManager: Mounting plugin PluginBrowser
LogPluginManager: Mounting plugin SpeedTreeImporter
LogPluginManager: Mounting plugin DatasmithContent
LogPluginManager: Mounting plugin VariantManagerContent
LogPluginManager: Mounting plugin AlembicImporter
LogPluginManager: Mounting plugin AutomationUtils
LogPluginManager: Mounting plugin BackChannel
LogPluginManager: Mounting plugin CharacterAI
LogPluginManager: Mounting plugin GeometryCache
LogPluginManager: Mounting plugin HTML5Networking
LogPluginManager: Mounting plugin PlatformCrypto
LogPluginManager: Mounting plugin ProxyLODPlugin
LogPluginManager: Mounting plugin SkeletalReduction
LogPluginManager: Mounting plugin MagicLeap
LogPluginManager: Mounting plugin MagicLeapMedia
LogPluginManager: Mounting plugin AndroidMedia
LogPluginManager: Mounting plugin AvfMedia
LogPluginManager: Mounting plugin ImgMedia
LogPluginManager: Mounting plugin MediaCompositing
LogPluginManager: Mounting plugin MediaPlayerEditor
LogPluginManager: Mounting plugin WebMMedia
LogPluginManager: Mounting plugin WmfMedia
LogPluginManager: Mounting plugin TcpMessaging
LogPluginManager: Mounting plugin UdpMessaging
LogPluginManager: Mounting plugin ActorSequence
LogPluginManager: Mounting plugin LevelSequenceEditor
LogPluginManager: Mounting plugin MatineeToLevelSequence
LogPluginManager: Mounting plugin NetcodeUnitTest
LogPluginManager: Mounting plugin NUTUnrealEngine4
LogPluginManager: Mounting plugin OnlineSubsystemGooglePlay
LogPluginManager: Mounting plugin OnlineSubsystemIOS
LogPluginManager: Mounting plugin OnlineSubsystem
LogPluginManager: Mounting plugin OnlineSubsystemNull
LogPluginManager: Mounting plugin OnlineSubsystemUtils
LogPluginManager: Mounting plugin LauncherChunkInstaller
LogPluginManager: Mounting plugin AndroidDeviceProfileSelector
LogPluginManager: Mounting plugin AndroidMoviePlayer
LogPluginManager: Mounting plugin AndroidPermission
LogPluginManager: Mounting plugin AppleImageUtils
LogPluginManager: Mounting plugin AppleMoviePlayer
LogPluginManager: Mounting plugin ArchVisCharacter
LogPluginManager: Mounting plugin AudioCapture
LogPluginManager: Mounting plugin CableComponent
LogPluginManager: Mounting plugin CustomMeshComponent
LogPluginManager: Mounting plugin EditableMesh
LogPluginManager: Mounting plugin ExampleDeviceProfileSelector
LogPluginManager: Mounting plugin GoogleCloudMessaging
LogPluginManager: Mounting plugin IOSDeviceProfileSelector
LogPluginManager: Mounting plugin LinuxDeviceProfileSelector
LogPluginManager: Mounting plugin LocationServicesBPLibrary
LogPluginManager: Mounting plugin MobilePatchingUtils
LogPluginManager: Mounting plugin OculusVR
LogPluginManager: Mounting plugin PhysXVehicles
LogPluginManager: Mounting plugin ProceduralMeshComponent
LogPluginManager: Mounting plugin RuntimePhysXCooking
LogPluginManager: Mounting plugin SignificanceManager
LogPluginManager: Mounting plugin SteamVR
LogPluginManager: Mounting plugin WebMMoviePlayer
LogPluginManager: Mounting plugin WindowsMoviePlayer
LogPluginManager: Mounting plugin ScreenshotTools
LogInit: Using libcurl 7.55.1-DEV
LogInit:  - built for x86_64-pc-win32
LogInit:  - supports SSL with OpenSSL/1.1.1
LogInit:  - supports HTTP deflate (compression) using libz 1.2.8
LogInit:  - other features:
LogInit:      CURL_VERSION_SSL
LogInit:      CURL_VERSION_LIBZ
LogInit:      CURL_VERSION_IPV6
LogInit:      CURL_VERSION_ASYNCHDNS
LogInit:      CURL_VERSION_LARGEFILE
LogInit:      CURL_VERSION_IDN
LogInit:  CurlRequestOptions (configurable via config and command line):
LogInit:  - bVerifyPeer = true  - Libcurl will verify peer certificate
LogInit:  - bUseHttpProxy = false  - Libcurl will NOT use HTTP proxy
LogInit:  - bDontReuseConnections = false  - Libcurl will reuse connections
LogInit:  - MaxHostConnections = 16  - Libcurl will limit the number of connections to a host
LogInit:  - LocalHostAddr = Default
LogInit:  - BufferSize = 65536
LogOnline: OSS: Creating online subsystem instance for: NULL
LogInit: WinSock: version 1.1 (2.2), MaxSocks=32767, MaxUdp=65467
LogInit: Build: ++UE4+Release-4.23-CL-9631420
LogInit: Engine Version: 4.23.1-9631420+++UE4+Release-4.23
LogInit: Compatible Engine Version: 4.23.0-8386587+++UE4+Release-4.23
LogInit: Net CL: 8386587
LogInit: OS: Windows 10 (Release 1903) (), CPU: AMD Ryzen 7 1700 Eight-Core Processor          , GPU: Radeon (TM) RX 470 Graphics
LogInit: Compiled (64-bit): Oct 18 2019 02:07:44
LogInit: Compiled with Visual C++: 19.16.27030.01
LogInit: Build Configuration: Development
LogInit: Branch Name: ++UE4+Release-4.23
LogInit: Command Line: 
LogInit: Base Directory: C:/Program Files/Epic Games/UE_4.23/Engine/Binaries/Win64/
LogInit: Installed Engine Build: 1
LogDevObjectVersion: Number of dev versions registered: 23
LogDevObjectVersion:   Dev-Blueprints (B0D832E4-1F89-4F0D-ACCF-7EB736FD4AA2): 10
LogDevObjectVersion:   Dev-Build (E1C64328-A22C-4D53-A36C-8E866417BD8C): 0
LogDevObjectVersion:   Dev-Core (375EC13C-06E4-48FB-B500-84F0262A717E): 3
LogDevObjectVersion:   Dev-Editor (E4B068ED-F494-42E9-A231-DA0B2E46BB41): 34
LogDevObjectVersion:   Dev-Framework (CFFC743F-43B0-4480-9391-14DF171D2073): 35
LogDevObjectVersion:   Dev-Mobile (B02B49B5-BB20-44E9-A304-32B752E40360): 2
LogDevObjectVersion:   Dev-Networking (A4E4105C-59A1-49B5-A7C5-40C4547EDFEE): 0
LogDevObjectVersion:   Dev-Online (39C831C9-5AE6-47DC-9A44-9C173E1C8E7C): 0
LogDevObjectVersion:   Dev-Physics (78F01B33-EBEA-4F98-B9B4-84EACCB95AA2): 0
LogDevObjectVersion:   Dev-Platform (6631380F-2D4D-43E0-8009-CF276956A95A): 0
LogDevObjectVersion:   Dev-Rendering (12F88B9F-8875-4AFC-A67C-D90C383ABD29): 31
LogDevObjectVersion:   Dev-Sequencer (7B5AE74C-D270-4C10-A958-57980B212A5A): 11
LogDevObjectVersion:   Dev-VR (D7296918-1DD6-4BDD-9DE2-64A83CC13884): 2
LogDevObjectVersion:   Dev-LoadTimes (C2A15278-BFE7-4AFE-6C17-90FF531DF755): 1
LogDevObjectVersion:   Private-Geometry (6EACA3D4-40EC-4CC1-B786-8BED09428FC5): 3
LogDevObjectVersion:   Dev-AnimPhys (29E575DD-E0A3-4627-9D10-D276232CDCEA): 17
LogDevObjectVersion:   Dev-Anim (AF43A65D-7FD3-4947-9873-3E8ED9C1BB05): 2
LogDevObjectVersion:   Dev-ReflectionCapture (6B266CEC-1EC7-4B8F-A30B-E4D90942FC07): 1
LogDevObjectVersion:   Dev-Automation (0DF73D61-A23F-47EA-B727-89E90C41499A): 1
LogDevObjectVersion:   FortniteMain (601D1886-AC64-4F84-AA16-D3DE0DEAC7D6): 27
LogDevObjectVersion:   Dev-Enterprise (9DFFBCD6-494F-0158-E221-12823C92A888): 6
LogDevObjectVersion:   Dev-Niagara (F2AED0AC-9AFE-416F-8664-AA7FFA26D6FC): 1
LogDevObjectVersion:   Dev-Destruction (174F1F0B-B4C6-45A5-B13F-2EE8D0FB917D): 9
LogInit: Presizing for max 16777216 objects, including 0 objects not considered by GC, pre-allocating 0 bytes for permanent pool.
LogInit: Object subsystem initialized
LogConfig: Setting CVar [[con.DebugEarlyDefault:1]]
LogConfig: Setting CVar [[r.setres:1280x720]]
[2019.10.26-06.24.05:154][  0]LogConfig: Setting CVar [[r.VSync:0]]
[2019.10.26-06.24.05:154][  0]LogConfig: Setting CVar [[r.RHICmdBypass:0]]
[2019.10.26-06.24.05:154][  0]LogConfig: Applying CVar settings from Section [/Script/Engine.RendererSettings] File [C:/Users/recon/Documents/Unreal Projects/Kivett_Escape_Class/Saved/Config/Windows/Engine.ini]
[2019.10.26-06.24.05:155][  0]LogConfig: Setting CVar [[r.GPUCrashDebugging:0]]
[2019.10.26-06.24.05:155][  0]LogConfig: Setting CVar [[r.DefaultFeature.Bloom:0]]
[2019.10.26-06.24.05:155][  0]LogConfig: Setting CVar [[r.DefaultFeature.AutoExposure:0]]
[2019.10.26-06.24.05:155][  0]LogConfig: Applying CVar settings from Section [/Script/Engine.RendererOverrideSettings] File [C:/Users/recon/Documents/Unreal Projects/Kivett_Escape_Class/Saved/Config/Windows/Engine.ini]
[2019.10.26-06.24.05:155][  0]LogConfig: Applying CVar settings from Section [/Script/Engine.StreamingSettings] File [C:/Users/recon/Documents/Unreal Projects/Kivett_Escape_Class/Saved/Config/Windows/Engine.ini]
[2019.10.26-06.24.05:155][  0]LogConfig: Setting CVar [[s.MinBulkDataSizeForAsyncLoading:131072]]
[2019.10.26-06.24.05:155][  0]LogConfig: Setting CVar [[s.AsyncLoadingThreadEnabled:0]]
[2019.10.26-06.24.05:155][  0]LogConfig: Setting CVar [[s.EventDrivenLoaderEnabled:1]]
[2019.10.26-06.24.05:155][  0]LogConfig: Setting CVar [[s.WarnIfTimeLimitExceeded:0]]
[2019.10.26-06.24.05:155][  0]LogConfig: Setting CVar [[s.TimeLimitExceededMultiplier:1.5]]
[2019.10.26-06.24.05:155][  0]LogConfig: Setting CVar [[s.TimeLimitExceededMinTime:0.005]]
[2019.10.26-06.24.05:155][  0]LogConfig: Setting CVar [[s.UseBackgroundLevelStreaming:1]]
[2019.10.26-06.24.05:155][  0]LogConfig: Setting CVar [[s.PriorityAsyncLoadingExtraTime:15.0]]
[2019.10.26-06.24.05:155][  0]LogConfig: Setting CVar [[s.LevelStreamingActorsUpdateTimeLimit:5.0]]
[2019.10.26-06.24.05:155][  0]LogConfig: Setting CVar [[s.PriorityLevelStreamingActorsUpdateExtraTime:5.0]]
[2019.10.26-06.24.05:155][  0]LogConfig: Setting CVar [[s.LevelStreamingComponentsRegistrationGranularity:10]]
[2019.10.26-06.24.05:155][  0]LogConfig: Setting CVar [[s.UnregisterComponentsTimeLimit:1.0]]
[2019.10.26-06.24.05:155][  0]LogConfig: Setting CVar [[s.LevelStreamingComponentsUnregistrationGranularity:5]]
[2019.10.26-06.24.05:155][  0]LogConfig: Applying CVar settings from Section [/Script/Engine.GarbageCollectionSettings] File [C:/Users/recon/Documents/Unreal Projects/Kivett_Escape_Class/Saved/Config/Windows/Engine.ini]
[2019.10.26-06.24.05:155][  0]LogConfig: Setting CVar [[gc.MaxObjectsNotConsideredByGC:1]]
[2019.10.26-06.24.05:155][  0]LogConfig: Setting CVar [[gc.SizeOfPermanentObjectPool:0]]
[2019.10.26-06.24.05:155][  0]LogConfig: Setting CVar [[gc.FlushStreamingOnGC:0]]
[2019.10.26-06.24.05:155][  0]LogConfig: Setting CVar [[gc.NumRetriesBeforeForcingGC:10]]
[2019.10.26-06.24.05:155][  0]LogConfig: Setting CVar [[gc.AllowParallelGC:1]]
[2019.10.26-06.24.05:155][  0]LogConfig: Setting CVar [[gc.TimeBetweenPurgingPendingKillObjects:61.1]]
[2019.10.26-06.24.05:155][  0]LogConfig: Setting CVar [[gc.MaxObjectsInEditor:16777216]]
[2019.10.26-06.24.05:155][  0]LogConfig: Setting CVar [[gc.IncrementalBeginDestroyEnabled:1]]
[2019.10.26-06.24.05:155][  0]LogConfig: Setting CVar [[gc.CreateGCClusters:1]]
[2019.10.26-06.24.05:155][  0]LogConfig: Setting CVar [[gc.MinGCClusterSize:5]]
[2019.10.26-06.24.05:155][  0]LogConfig: Setting CVar [[gc.ActorClusteringEnabled:0]]
[2019.10.26-06.24.05:155][  0]LogConfig: Setting CVar [[gc.BlueprintClusteringEnabled:0]]
[2019.10.26-06.24.05:155][  0]LogConfig: Setting CVar [[gc.UseDisregardForGCOnDedicatedServers:0]]
[2019.10.26-06.24.05:155][  0]LogConfig: Applying CVar settings from Section [/Script/Engine.NetworkSettings] File [C:/Users/recon/Documents/Unreal Projects/Kivett_Escape_Class/Saved/Config/Windows/Engine.ini]
[2019.10.26-06.24.05:155][  0]LogConfig: Applying CVar settings from Section [/Script/UnrealEd.CookerSettings] File [C:/Users/recon/Documents/Unreal Projects/Kivett_Escape_Class/Saved/Config/Windows/Engine.ini]
[2019.10.26-06.24.05:160][  0]LogConfig: Applying CVar settings from Section [ViewDistanceQuality@3] File [C:/Users/recon/Documents/Unreal Projects/Kivett_Escape_Class/Saved/Config/Windows/Scalability.ini]
[2019.10.26-06.24.05:160][  0]LogConfig: Setting CVar [[r.SkeletalMeshLODBias:0]]
[2019.10.26-06.24.05:160][  0]LogConfig: Setting CVar [[r.ViewDistanceScale:1.0]]
[2019.10.26-06.24.05:160][  0]LogConfig: Applying CVar settings from Section [AntiAliasingQuality@3] File [C:/Users/recon/Documents/Unreal Projects/Kivett_Escape_Class/Saved/Config/Windows/Scalability.ini]
[2019.10.26-06.24.05:160][  0]LogConfig: Setting CVar [[r.PostProcessAAQuality:4]]
[2019.10.26-06.24.05:160][  0]LogConfig: Applying CVar settings from Section [ShadowQuality@3] File [C:/Users/recon/Documents/Unreal Projects/Kivett_Escape_Class/Saved/Config/Windows/Scalability.ini]
[2019.10.26-06.24.05:160][  0]LogConfig: Setting CVar [[r.LightFunctionQuality:1]]
[2019.10.26-06.24.05:160][  0]LogConfig: Setting CVar [[r.ShadowQuality:5]]
[2019.10.26-06.24.05:161][  0]LogConfig: Setting CVar [[r.Shadow.CSM.MaxCascades:10]]
[2019.10.26-06.24.05:161][  0]LogConfig: Setting CVar [[r.Shadow.MaxResolution:2048]]
[2019.10.26-06.24.05:161][  0]LogConfig: Setting CVar [[r.Shadow.MaxCSMResolution:2048]]
[2019.10.26-06.24.05:161][  0]LogConfig: Setting CVar [[r.Shadow.RadiusThreshold:0.01]]
[2019.10.26-06.24.05:161][  0]LogConfig: Setting CVar [[r.Shadow.DistanceScale:1.0]]
[2019.10.26-06.24.05:161][  0]LogConfig: Setting CVar [[r.Shadow.CSM.TransitionScale:1.0]]
[2019.10.26-06.24.05:161][  0]LogConfig: Setting CVar [[r.Shadow.PreShadowResolutionFactor:1.0]]
[2019.10.26-06.24.05:161][  0]LogConfig: Setting CVar [[r.DistanceFieldShadowing:1]]
[2019.10.26-06.24.05:161][  0]LogConfig: Setting CVar [[r.DistanceFieldAO:1]]
[2019.10.26-06.24.05:161][  0]LogConfig: Setting CVar [[r.AOQuality:2]]
[2019.10.26-06.24.05:161][  0]LogConfig: Setting CVar [[r.VolumetricFog:1]]
[2019.10.26-06.24.05:161][  0]LogConfig: Setting CVar [[r.VolumetricFog.GridPixelSize:8]]
[2019.10.26-06.24.05:161][  0]LogConfig: Setting CVar [[r.VolumetricFog.GridSizeZ:128]]
[2019.10.26-06.24.05:161][  0]LogConfig: Setting CVar [[r.VolumetricFog.HistoryMissSupersampleCount:4]]
[2019.10.26-06.24.05:161][  0]LogConfig: Setting CVar [[r.LightMaxDrawDistanceScale:1]]
[2019.10.26-06.24.05:161][  0]LogConfig: Setting CVar [[r.CapsuleShadows:1]]
[2019.10.26-06.24.05:161][  0]LogConfig: Applying CVar settings from Section [PostProcessQuality@3] File [C:/Users/recon/Documents/Unreal Projects/Kivett_Escape_Class/Saved/Config/Windows/Scalability.ini]
[2019.10.26-06.24.05:161][  0]LogConfig: Setting CVar [[r.MotionBlurQuality:4]]
[2019.10.26-06.24.05:161][  0]LogConfig: Setting CVar [[r.AmbientOcclusionMipLevelFactor:0.4]]
[2019.10.26-06.24.05:161][  0]LogConfig: Setting CVar [[r.AmbientOcclusionMaxQuality:100]]
[2019.10.26-06.24.05:161][  0]LogConfig: Setting CVar [[r.AmbientOcclusionLevels:-1]]
[2019.10.26-06.24.05:161][  0]LogConfig: Setting CVar [[r.AmbientOcclusionRadiusScale:1.0]]
[2019.10.26-06.24.05:161][  0]LogConfig: Setting CVar [[r.DepthOfFieldQuality:2]]
[2019.10.26-06.24.05:161][  0]LogConfig: Setting CVar [[r.RenderTargetPoolMin:400]]
[2019.10.26-06.24.05:161][  0]LogConfig: Setting CVar [[r.LensFlareQuality:2]]
[2019.10.26-06.24.05:161][  0]LogConfig: Setting CVar [[r.SceneColorFringeQuality:1]]
[2019.10.26-06.24.05:161][  0]LogConfig: Setting CVar [[r.EyeAdaptationQuality:2]]
[2019.10.26-06.24.05:161][  0]LogConfig: Setting CVar [[r.BloomQuality:5]]
[2019.10.26-06.24.05:161][  0]LogConfig: Setting CVar [[r.FastBlurThreshold:100]]
[2019.10.26-06.24.05:161][  0]LogConfig: Setting CVar [[r.Upscale.Quality:3]]
[2019.10.26-06.24.05:161][  0]LogConfig: Setting CVar [[r.Tonemapper.GrainQuantization:1]]
[2019.10.26-06.24.05:161][  0]LogConfig: Setting CVar [[r.LightShaftQuality:1]]
[2019.10.26-06.24.05:161][  0]LogConfig: Setting CVar [[r.Filter.SizeScale:1]]
[2019.10.26-06.24.05:161][  0]LogConfig: Setting CVar [[r.Tonemapper.Quality:5]]
[2019.10.26-06.24.05:161][  0]LogConfig: Setting CVar [[r.DOF.Gather.AccumulatorQuality:1        ; higher gathering accumulator quality]]
[2019.10.26-06.24.05:161][  0]LogConfig: Setting CVar [[r.DOF.Gather.PostfilterMethod:1          ; Median3x3 postfilering method]]
[2019.10.26-06.24.05:161][  0]LogConfig: Setting CVar [[r.DOF.Gather.EnableBokehSettings:0       ; no bokeh simulation when gathering]]
[2019.10.26-06.24.05:161][  0]LogConfig: Setting CVar [[r.DOF.Gather.RingCount:4                 ; medium number of samples when gathering]]
[2019.10.26-06.24.05:161][  0]LogConfig: Setting CVar [[r.DOF.Scatter.ForegroundCompositing:1    ; additive foreground scattering]]
[2019.10.26-06.24.05:161][  0]LogConfig: Setting CVar [[r.DOF.Scatter.BackgroundCompositing:2    ; additive background scattering]]
[2019.10.26-06.24.05:161][  0]LogConfig: Setting CVar [[r.DOF.Scatter.EnableBokehSettings:1      ; bokeh simulation when scattering]]
[2019.10.26-06.24.05:161][  0]LogConfig: Setting CVar [[r.DOF.Scatter.MaxSpriteRatio:0.1         ; only a maximum of 10% of scattered bokeh]]
[2019.10.26-06.24.05:161][  0]LogConfig: Setting CVar [[r.DOF.Recombine.Quality:1                ; cheap slight out of focus]]
[2019.10.26-06.24.05:161][  0]LogConfig: Setting CVar [[r.DOF.Recombine.EnableBokehSettings:0    ; no bokeh simulation on slight out of focus]]
[2019.10.26-06.24.05:161][  0]LogConfig: Setting CVar [[r.DOF.TemporalAAQuality:1                ; more stable temporal accumulation]]
[2019.10.26-06.24.05:161][  0]LogConfig: Setting CVar [[r.DOF.Kernel.MaxForegroundRadius:0.025]]
[2019.10.26-06.24.05:161][  0]LogConfig: Setting CVar [[r.DOF.Kernel.MaxBackgroundRadius:0.025]]
[2019.10.26-06.24.05:161][  0]LogConfig: Applying CVar settings from Section [TextureQuality@3] File [C:/Users/recon/Documents/Unreal Projects/Kivett_Escape_Class/Saved/Config/Windows/Scalability.ini]
[2019.10.26-06.24.05:161][  0]LogConfig: Setting CVar [[r.Streaming.MipBias:0]]
[2019.10.26-06.24.05:161][  0]LogConfig: Setting CVar [[r.Streaming.AmortizeCPUToGPUCopy:0]]
[2019.10.26-06.24.05:161][  0]LogConfig: Setting CVar [[r.Streaming.MaxNumTexturesToStreamPerFrame:0]]
[2019.10.26-06.24.05:161][  0]LogConfig: Setting CVar [[r.Streaming.Boost:1]]
[2019.10.26-06.24.05:161][  0]LogConfig: Setting CVar [[r.MaxAnisotropy:8]]
[2019.10.26-06.24.05:161][  0]LogConfig: Setting CVar [[r.Streaming.LimitPoolSizeToVRAM:0]]
[2019.10.26-06.24.05:161][  0]LogConfig: Setting CVar [[r.Streaming.PoolSize:1000]]
[2019.10.26-06.24.05:161][  0]LogConfig: Setting CVar [[r.Streaming.MaxEffectiveScreenSize:0]]
[2019.10.26-06.24.05:161][  0]LogConfig: Applying CVar settings from Section [EffectsQuality@3] File [C:/Users/recon/Documents/Unreal Projects/Kivett_Escape_Class/Saved/Config/Windows/Scalability.ini]
[2019.10.26-06.24.05:162][  0]LogConfig: Setting CVar [[r.TranslucencyLightingVolumeDim:64]]
[2019.10.26-06.24.05:162][  0]LogConfig: Setting CVar [[r.RefractionQuality:2]]
[2019.10.26-06.24.05:162][  0]LogConfig: Setting CVar [[r.SSR.Quality:3]]
[2019.10.26-06.24.05:162][  0]LogConfig: Setting CVar [[r.SceneColorFormat:4]]
[2019.10.26-06.24.05:162][  0]LogConfig: Setting CVar [[r.DetailMode:2]]
[2019.10.26-06.24.05:162][  0]LogConfig: Setting CVar [[r.TranslucencyVolumeBlur:1]]
[2019.10.26-06.24.05:162][  0]LogConfig: Setting CVar [[r.MaterialQualityLevel:1 ; High quality]]
[2019.10.26-06.24.05:162][  0]LogConfig: Setting CVar [[r.SSS.Scale:1]]
[2019.10.26-06.24.05:162][  0]LogConfig: Setting CVar [[r.SSS.SampleSet:2]]
[2019.10.26-06.24.05:162][  0]LogConfig: Setting CVar [[r.SSS.Quality:1]]
[2019.10.26-06.24.05:162][  0]LogConfig: Setting CVar [[r.SSS.HalfRes:1]]
[2019.10.26-06.24.05:162][  0]LogConfig: Setting CVar [[r.EmitterSpawnRateScale:1.0]]
[2019.10.26-06.24.05:162][  0]LogConfig: Setting CVar [[r.ParticleLightQuality:2]]
[2019.10.26-06.24.05:162][  0]LogConfig: Applying CVar settings from Section [FoliageQuality@3] File [C:/Users/recon/Documents/Unreal Projects/Kivett_Escape_Class/Saved/Config/Windows/Scalability.ini]
[2019.10.26-06.24.05:162][  0]LogConfig: Setting CVar [[foliage.DensityScale:1.0]]
[2019.10.26-06.24.05:162][  0]LogConfig: Setting CVar [[grass.DensityScale:1.0]]
[2019.10.26-06.24.05:162][  0]LogInit: Selected Device Profile: [Windows]
[2019.10.26-06.24.05:162][  0]LogInit: Applying CVar settings loaded from the selected device profile: [Windows]
[2019.10.26-06.24.05:206][  0]LogHAL: Display: Platform has ~ 8 GB [8538705920 / 8589934592 / 8], which maps to Default [LargestMinGB=32, LargerMinGB=12, DefaultMinGB=8, SmallerMinGB=6, SmallestMinGB=0)
[2019.10.26-06.24.05:206][  0]LogInit: Going up to parent DeviceProfile []
[2019.10.26-06.24.05:206][  0]LogConfig: Applying CVar settings from Section [ViewDistanceQuality@3] File [C:/Users/recon/Documents/Unreal Projects/Kivett_Escape_Class/Saved/Config/Windows/Scalability.ini]
[2019.10.26-06.24.05:206][  0]LogConfig: Setting CVar [[r.SkeletalMeshLODBias:0]]
[2019.10.26-06.24.05:206][  0]LogConfig: Setting CVar [[r.ViewDistanceScale:1.0]]
[2019.10.26-06.24.05:206][  0]LogConfig: Applying CVar settings from Section [AntiAliasingQuality@3] File [C:/Users/recon/Documents/Unreal Projects/Kivett_Escape_Class/Saved/Config/Windows/Scalability.ini]
[2019.10.26-06.24.05:206][  0]LogConfig: Setting CVar [[r.PostProcessAAQuality:4]]
[2019.10.26-06.24.05:206][  0]LogConfig: Applying CVar settings from Section [ShadowQuality@3] File [C:/Users/recon/Documents/Unreal Projects/Kivett_Escape_Class/Saved/Config/Windows/Scalability.ini]
[2019.10.26-06.24.05:206][  0]LogConfig: Setting CVar [[r.LightFunctionQuality:1]]
[2019.10.26-06.24.05:206][  0]LogConfig: Setting CVar [[r.ShadowQuality:5]]
[2019.10.26-06.24.05:206][  0]LogConfig: Setting CVar [[r.Shadow.CSM.MaxCascades:10]]
[2019.10.26-06.24.05:206][  0]LogConfig: Setting CVar [[r.Shadow.MaxResolution:2048]]
[2019.10.26-06.24.05:206][  0]LogConfig: Setting CVar [[r.Shadow.MaxCSMResolution:2048]]
[2019.10.26-06.24.05:207][  0]LogConfig: Setting CVar [[r.Shadow.RadiusThreshold:0.01]]
[2019.10.26-06.24.05:207][  0]LogConfig: Setting CVar [[r.Shadow.DistanceScale:1.0]]
[2019.10.26-06.24.05:207][  0]LogConfig: Setting CVar [[r.Shadow.CSM.TransitionScale:1.0]]
[2019.10.26-06.24.05:207][  0]LogConfig: Setting CVar [[r.Shadow.PreShadowResolutionFactor:1.0]]
[2019.10.26-06.24.05:207][  0]LogConfig: Setting CVar [[r.DistanceFieldShadowing:1]]
[2019.10.26-06.24.05:207][  0]LogConfig: Setting CVar [[r.DistanceFieldAO:1]]
[2019.10.26-06.24.05:207][  0]LogConfig: Setting CVar [[r.AOQuality:2]]
[2019.10.26-06.24.05:207][  0]LogConfig: Setting CVar [[r.VolumetricFog:1]]
[2019.10.26-06.24.05:207][  0]LogConfig: Setting CVar [[r.VolumetricFog.GridPixelSize:8]]
[2019.10.26-06.24.05:207][  0]LogConfig: Setting CVar [[r.VolumetricFog.GridSizeZ:128]]
[2019.10.26-06.24.05:207][  0]LogConfig: Setting CVar [[r.VolumetricFog.HistoryMissSupersampleCount:4]]
[2019.10.26-06.24.05:207][  0]LogConfig: Setting CVar [[r.LightMaxDrawDistanceScale:1]]
[2019.10.26-06.24.05:207][  0]LogConfig: Setting CVar [[r.CapsuleShadows:1]]
[2019.10.26-06.24.05:207][  0]LogConfig: Applying CVar settings from Section [PostProcessQuality@3] File [C:/Users/recon/Documents/Unreal Projects/Kivett_Escape_Class/Saved/Config/Windows/Scalability.ini]
[2019.10.26-06.24.05:207][  0]LogConfig: Setting CVar [[r.MotionBlurQuality:4]]
[2019.10.26-06.24.05:207][  0]LogConfig: Setting CVar [[r.AmbientOcclusionMipLevelFactor:0.4]]
[2019.10.26-06.24.05:207][  0]LogConfig: Setting CVar [[r.AmbientOcclusionMaxQuality:100]]
[2019.10.26-06.24.05:207][  0]LogConfig: Setting CVar [[r.AmbientOcclusionLevels:-1]]
[2019.10.26-06.24.05:207][  0]LogConfig: Setting CVar [[r.AmbientOcclusionRadiusScale:1.0]]
[2019.10.26-06.24.05:207][  0]LogConfig: Setting CVar [[r.DepthOfFieldQuality:2]]
[2019.10.26-06.24.05:207][  0]LogConfig: Setting CVar [[r.RenderTargetPoolMin:400]]
[2019.10.26-06.24.05:207][  0]LogConfig: Setting CVar [[r.LensFlareQuality:2]]
[2019.10.26-06.24.05:207][  0]LogConfig: Setting CVar [[r.SceneColorFringeQuality:1]]
[2019.10.26-06.24.05:207][  0]LogConfig: Setting CVar [[r.EyeAdaptationQuality:2]]
[2019.10.26-06.24.05:207][  0]LogConfig: Setting CVar [[r.BloomQuality:5]]
[2019.10.26-06.24.05:207][  0]LogConfig: Setting CVar [[r.FastBlurThreshold:100]]
[2019.10.26-06.24.05:207][  0]LogConfig: Setting CVar [[r.Upscale.Quality:3]]
[2019.10.26-06.24.05:207][  0]LogConfig: Setting CVar [[r.Tonemapper.GrainQuantization:1]]
[2019.10.26-06.24.05:207][  0]LogConfig: Setting CVar [[r.LightShaftQuality:1]]
[2019.10.26-06.24.05:207][  0]LogConfig: Setting CVar [[r.Filter.SizeScale:1]]
[2019.10.26-06.24.05:207][  0]LogConfig: Setting CVar [[r.Tonemapper.Quality:5]]
[2019.10.26-06.24.05:207][  0]LogConfig: Setting CVar [[r.DOF.Gather.AccumulatorQuality:1        ; higher gathering accumulator quality]]
[2019.10.26-06.24.05:207][  0]LogConfig: Setting CVar [[r.DOF.Gather.PostfilterMethod:1          ; Median3x3 postfilering method]]
[2019.10.26-06.24.05:207][  0]LogConfig: Setting CVar [[r.DOF.Gather.EnableBokehSettings:0       ; no bokeh simulation when gathering]]
[2019.10.26-06.24.05:207][  0]LogConfig: Setting CVar [[r.DOF.Gather.RingCount:4                 ; medium number of samples when gathering]]
[2019.10.26-06.24.05:207][  0]LogConfig: Setting CVar [[r.DOF.Scatter.ForegroundCompositing:1    ; additive foreground scattering]]
[2019.10.26-06.24.05:207][  0]LogConfig: Setting CVar [[r.DOF.Scatter.BackgroundCompositing:2    ; additive background scattering]]
[2019.10.26-06.24.05:207][  0]LogConfig: Setting CVar [[r.DOF.Scatter.EnableBokehSettings:1      ; bokeh simulation when scattering]]
[2019.10.26-06.24.05:207][  0]LogConfig: Setting CVar [[r.DOF.Scatter.MaxSpriteRatio:0.1         ; only a maximum of 10% of scattered bokeh]]
[2019.10.26-06.24.05:207][  0]LogConfig: Setting CVar [[r.DOF.Recombine.Quality:1                ; cheap slight out of focus]]
[2019.10.26-06.24.05:208][  0]LogConfig: Setting CVar [[r.DOF.Recombine.EnableBokehSettings:0    ; no bokeh simulation on slight out of focus]]
[2019.10.26-06.24.05:208][  0]LogConfig: Setting CVar [[r.DOF.TemporalAAQuality:1                ; more stable temporal accumulation]]
[2019.10.26-06.24.05:208][  0]LogConfig: Setting CVar [[r.DOF.Kernel.MaxForegroundRadius:0.025]]
[2019.10.26-06.24.05:208][  0]LogConfig: Setting CVar [[r.DOF.Kernel.MaxBackgroundRadius:0.025]]
[2019.10.26-06.24.05:208][  0]LogConfig: Applying CVar settings from Section [TextureQuality@3] File [C:/Users/recon/Documents/Unreal Projects/Kivett_Escape_Class/Saved/Config/Windows/Scalability.ini]
[2019.10.26-06.24.05:208][  0]LogConfig: Setting CVar [[r.Streaming.MipBias:0]]
[2019.10.26-06.24.05:208][  0]LogConfig: Setting CVar [[r.Streaming.AmortizeCPUToGPUCopy:0]]
[2019.10.26-06.24.05:208][  0]LogConfig: Setting CVar [[r.Streaming.MaxNumTexturesToStreamPerFrame:0]]
[2019.10.26-06.24.05:208][  0]LogConfig: Setting CVar [[r.Streaming.Boost:1]]
[2019.10.26-06.24.05:208][  0]LogConfig: Setting CVar [[r.MaxAnisotropy:8]]
[2019.10.26-06.24.05:208][  0]LogConfig: Setting CVar [[r.Streaming.LimitPoolSizeToVRAM:0]]
[2019.10.26-06.24.05:208][  0]LogConfig: Setting CVar [[r.Streaming.PoolSize:1000]]
[2019.10.26-06.24.05:208][  0]LogConfig: Setting CVar [[r.Streaming.MaxEffectiveScreenSize:0]]
[2019.10.26-06.24.05:208][  0]LogConfig: Applying CVar settings from Section [EffectsQuality@3] File [C:/Users/recon/Documents/Unreal Projects/Kivett_Escape_Class/Saved/Config/Windows/Scalability.ini]
[2019.10.26-06.24.05:208][  0]LogConfig: Setting CVar [[r.TranslucencyLightingVolumeDim:64]]
[2019.10.26-06.24.05:208][  0]LogConfig: Setting CVar [[r.RefractionQuality:2]]
[2019.10.26-06.24.05:208][  0]LogConfig: Setting CVar [[r.SSR.Quality:3]]
[2019.10.26-06.24.05:208][  0]LogConfig: Setting CVar [[r.SceneColorFormat:4]]
[2019.10.26-06.24.05:208][  0]LogConfig: Setting CVar [[r.DetailMode:2]]
[2019.10.26-06.24.05:208][  0]LogConfig: Setting CVar [[r.TranslucencyVolumeBlur:1]]
[2019.10.26-06.24.05:208][  0]LogConfig: Setting CVar [[r.MaterialQualityLevel:1 ; High quality]]
[2019.10.26-06.24.05:208][  0]LogConfig: Setting CVar [[r.SSS.Scale:1]]
[2019.10.26-06.24.05:208][  0]LogConfig: Setting CVar [[r.SSS.SampleSet:2]]
[2019.10.26-06.24.05:208][  0]LogConfig: Setting CVar [[r.SSS.Quality:1]]
[2019.10.26-06.24.05:208][  0]LogConfig: Setting CVar [[r.SSS.HalfRes:1]]
[2019.10.26-06.24.05:208][  0]LogConfig: Setting CVar [[r.EmitterSpawnRateScale:1.0]]
[2019.10.26-06.24.05:208][  0]LogConfig: Setting CVar [[r.ParticleLightQuality:2]]
[2019.10.26-06.24.05:208][  0]LogConfig: Applying CVar settings from Section [FoliageQuality@3] File [C:/Users/recon/Documents/Unreal Projects/Kivett_Escape_Class/Saved/Config/Windows/Scalability.ini]
[2019.10.26-06.24.05:208][  0]LogConfig: Setting CVar [[foliage.DensityScale:1.0]]
[2019.10.26-06.24.05:208][  0]LogConfig: Setting CVar [[grass.DensityScale:1.0]]
[2019.10.26-06.24.05:208][  0]LogConfig: Applying CVar settings from Section [Startup] File [../../../Engine/Config/ConsoleVariables.ini]
[2019.10.26-06.24.05:266][  0]LogConfig: Setting CVar [[net.UseAdaptiveNetUpdateFrequency:0]]
[2019.10.26-06.24.05:267][  0]LogConfig: Setting CVar [[p.chaos.AllowCreatePhysxBodies:1]]
[2019.10.26-06.24.05:267][  0]LogConfig: Applying CVar settings from Section [ConsoleVariables] File [C:/Users/recon/Documents/Unreal Projects/Kivett_Escape_Class/Saved/Config/Windows/Engine.ini]
[2019.10.26-06.24.05:267][  0]LogInit: Computer: DESKTOP-NR30UB4
[2019.10.26-06.24.05:267][  0]LogInit: User: recon
[2019.10.26-06.24.05:267][  0]LogInit: CPU Page size=4096, Cores=8
[2019.10.26-06.24.05:267][  0]LogInit: High frequency timer resolution =10.000000 MHz
[2019.10.26-06.24.05:267][  0]LogMemory: Memory total: Physical=8.0GB (8GB approx)
[2019.10.26-06.24.05:267][  0]LogMemory: Platform Memory Stats for Windows
[2019.10.26-06.24.05:267][  0]LogMemory: Process Physical Memory: 102.98 MB used, 102.98 MB peak
[2019.10.26-06.24.05:267][  0]LogMemory: Process Virtual Memory: 100.65 MB used, 100.65 MB peak
[2019.10.26-06.24.05:267][  0]LogMemory: Physical Memory: 5592.77 MB used,  2550.38 MB free, 8143.14 MB total
[2019.10.26-06.24.05:267][  0]LogMemory: Virtual Memory: 4701.62 MB used,  134213024.00 MB free, 134217728.00 MB total
[2019.10.26-06.24.05:311][  0]LogWindows: WindowsPlatformFeatures enabled
[2019.10.26-06.24.05:741][  0]LogInit: Using OS detected language (en-US).
[2019.10.26-06.24.05:741][  0]LogInit: Using OS detected locale (en-US).
[2019.10.26-06.24.05:742][  0]LogTextLocalizationManager: No specific localization for 'en-US' exists, so the 'en' localization will be used.
[2019.10.26-06.24.06:675][  0]LogInit: Setting process to per monitor DPI aware
[2019.10.26-06.24.07:033][  0]LogSlate: New Slate User Created.  User Index 0, Is Virtual User: 0
[2019.10.26-06.24.07:033][  0]LogSlate: Slate User Registered.  User Index 0, Is Virtual User: 0
[2019.10.26-06.24.11:976][  0]LogHMD: Failed to initialize OpenVR with code 110
[2019.10.26-06.24.11:976][  0]LogD3D11RHI: D3D11 adapters:
[2019.10.26-06.24.12:072][  0]LogD3D11RHI:    0. 'Radeon (TM) RX 470 Graphics' (Feature Level 11_0)
[2019.10.26-06.24.12:072][  0]LogD3D11RHI:       4043/0/4071 MB DedicatedVideo/DedicatedSystem/SharedSystem, Outputs:1, VendorId:0x1002
[2019.10.26-06.24.12:087][  0]LogD3D11RHI:    1. 'Microsoft Basic Render Driver' (Feature Level 11_0)
[2019.10.26-06.24.12:087][  0]LogD3D11RHI:       0/0/4071 MB DedicatedVideo/DedicatedSystem/SharedSystem, Outputs:0, VendorId:0x1414
[2019.10.26-06.24.12:087][  0]LogD3D11RHI: Chosen D3D11 Adapter: 0
[2019.10.26-06.24.12:100][  0]LogD3D11RHI: Creating new Direct3DDevice
[2019.10.26-06.24.12:100][  0]LogD3D11RHI:     GPU DeviceId: 0x67df (for the marketing name, search the web for "GPU Device Id")
[2019.10.26-06.24.12:100][  0]LogWindows: EnumDisplayDevices:
[2019.10.26-06.24.12:100][  0]LogWindows:    0. 'Radeon (TM) RX 470 Graphics' (P:1 D:1)
[2019.10.26-06.24.12:101][  0]LogWindows:    1. 'Radeon (TM) RX 470 Graphics' (P:0 D:0)
[2019.10.26-06.24.12:101][  0]LogWindows:    2. 'Radeon (TM) RX 470 Graphics' (P:0 D:0)
[2019.10.26-06.24.12:102][  0]LogWindows:    3. 'Radeon (TM) RX 470 Graphics' (P:0 D:0)
[2019.10.26-06.24.12:102][  0]LogWindows:    4. 'Radeon (TM) RX 470 Graphics' (P:0 D:0)
[2019.10.26-06.24.12:103][  0]LogWindows:    5. 'Radeon (TM) RX 470 Graphics' (P:0 D:0)
[2019.10.26-06.24.12:103][  0]LogWindows: DebugString: FoundDriverCount:6 
[2019.10.26-06.24.12:103][  0]LogD3D11RHI:     Adapter Name: Radeon (TM) RX 470 Graphics
[2019.10.26-06.24.12:103][  0]LogD3D11RHI:   Driver Version: Crimson ReLive 17.7 (internal:22.19.677.257, unified:22.19.677.257)
[2019.10.26-06.24.12:104][  0]LogD3D11RHI:      Driver Date: 9-22-2017
[2019.10.26-06.24.12:104][  0]LogRHI: Texture pool is 2830 MB (70% of 4043 MB)
[2019.10.26-06.24.12:283][  0]LogD3D11RHI: Async texture creation enabled
[2019.10.26-06.24.12:296][  0]LogD3D11RHI: GPU Timing Frequency: 25.000000 (Debug: 2 1)
[2019.10.26-06.24.15:705][  0]LogTemp: Display: Module 'AllDesktopTargetPlatform' loaded TargetPlatform 'AllDesktop'
[2019.10.26-06.24.15:730][  0]LogTemp: Display: Module 'MacClientTargetPlatform' loaded TargetPlatform 'MacClient'
[2019.10.26-06.24.15:755][  0]LogTemp: Display: Module 'MacNoEditorTargetPlatform' loaded TargetPlatform 'MacNoEditor'
[2019.10.26-06.24.15:777][  0]LogTemp: Display: Module 'MacServerTargetPlatform' loaded TargetPlatform 'MacServer'
[2019.10.26-06.24.15:828][  0]LogTemp: Display: Module 'MacTargetPlatform' loaded TargetPlatform 'Mac'
[2019.10.26-06.24.15:856][  0]LogTemp: Display: Module 'WindowsClientTargetPlatform' loaded TargetPlatform 'WindowsClient'
[2019.10.26-06.24.15:870][  0]LogTemp: Display: Module 'WindowsNoEditorTargetPlatform' loaded TargetPlatform 'WindowsNoEditor'
[2019.10.26-06.24.16:009][  0]LogTemp: Display: Module 'WindowsServerTargetPlatform' loaded TargetPlatform 'WindowsServer'
[2019.10.26-06.24.16:034][  0]LogTemp: Display: Module 'WindowsTargetPlatform' loaded TargetPlatform 'Windows'
[2019.10.26-06.24.16:152][  0]LogTemp: Display: Module 'AndroidTargetPlatform' loaded TargetPlatform 'Android'
[2019.10.26-06.24.16:153][  0]LogTemp: Display: Module 'AndroidTargetPlatform' loaded TargetPlatform 'Android_ASTC'
[2019.10.26-06.24.16:153][  0]LogTemp: Display: Module 'AndroidTargetPlatform' loaded TargetPlatform 'Android_ATC'
[2019.10.26-06.24.16:153][  0]LogTemp: Display: Module 'AndroidTargetPlatform' loaded TargetPlatform 'Android_DXT'
[2019.10.26-06.24.16:153][  0]LogTemp: Display: Module 'AndroidTargetPlatform' loaded TargetPlatform 'Android_ETC1'
[2019.10.26-06.24.16:153][  0]LogTemp: Display: Module 'AndroidTargetPlatform' loaded TargetPlatform 'Android_ETC1a'
[2019.10.26-06.24.16:153][  0]LogTemp: Display: Module 'AndroidTargetPlatform' loaded TargetPlatform 'Android_ETC2'
[2019.10.26-06.24.16:153][  0]LogTemp: Display: Module 'AndroidTargetPlatform' loaded TargetPlatform 'Android_PVRTC'
[2019.10.26-06.24.16:153][  0]LogTemp: Display: Module 'AndroidTargetPlatform' loaded TargetPlatform 'AndroidClient'
[2019.10.26-06.24.16:153][  0]LogTemp: Display: Module 'AndroidTargetPlatform' loaded TargetPlatform 'Android_ASTCClient'
[2019.10.26-06.24.16:153][  0]LogTemp: Display: Module 'AndroidTargetPlatform' loaded TargetPlatform 'Android_ATCClient'
[2019.10.26-06.24.16:153][  0]LogTemp: Display: Module 'AndroidTargetPlatform' loaded TargetPlatform 'Android_DXTClient'
[2019.10.26-06.24.16:153][  0]LogTemp: Display: Module 'AndroidTargetPlatform' loaded TargetPlatform 'Android_ETC1Client'
[2019.10.26-06.24.16:153][  0]LogTemp: Display: Module 'AndroidTargetPlatform' loaded TargetPlatform 'Android_ETC1aClient'
[2019.10.26-06.24.16:153][  0]LogTemp: Display: Module 'AndroidTargetPlatform' loaded TargetPlatform 'Android_ETC2Client'
[2019.10.26-06.24.16:153][  0]LogTemp: Display: Module 'AndroidTargetPlatform' loaded TargetPlatform 'Android_PVRTCClient'
[2019.10.26-06.24.16:153][  0]LogTemp: Display: Module 'AndroidTargetPlatform' loaded TargetPlatform 'Android_Multi'
[2019.10.26-06.24.16:153][  0]LogTemp: Display: Module 'AndroidTargetPlatform' loaded TargetPlatform 'Android_MultiClient'
[2019.10.26-06.24.16:180][  0]LogTemp: Display: Module 'HTML5TargetPlatform' loaded TargetPlatform 'HTML5'
[2019.10.26-06.24.16:288][  0]LogTemp: Display: Module 'IOSTargetPlatform' loaded TargetPlatform 'IOSClient'
[2019.10.26-06.24.16:288][  0]LogTemp: Display: Module 'IOSTargetPlatform' loaded TargetPlatform 'IOS'
[2019.10.26-06.24.16:327][  0]LogTemp: Display: Module 'TVOSTargetPlatform' loaded TargetPlatform 'TVOSClient'
[2019.10.26-06.24.16:327][  0]LogTemp: Display: Module 'TVOSTargetPlatform' loaded TargetPlatform 'TVOS'
[2019.10.26-06.24.16:344][  0]LogTemp: Display: Module 'LinuxClientTargetPlatform' loaded TargetPlatform 'LinuxClient'
[2019.10.26-06.24.16:359][  0]LogTemp: Display: Module 'LinuxNoEditorTargetPlatform' loaded TargetPlatform 'LinuxNoEditor'
[2019.10.26-06.24.16:383][  0]LogTemp: Display: Module 'LinuxServerTargetPlatform' loaded TargetPlatform 'LinuxServer'
[2019.10.26-06.24.16:434][  0]LogTemp: Display: Module 'LinuxTargetPlatform' loaded TargetPlatform 'Linux'
[2019.10.26-06.24.16:516][  0]LogTemp: Display: Module 'LuminTargetPlatform' loaded TargetPlatform 'Lumin'
[2019.10.26-06.24.16:516][  0]LogTemp: Display: Module 'LuminTargetPlatform' loaded TargetPlatform 'LuminClient'
[2019.10.26-06.24.16:516][  0]LogTargetPlatformManager: Display: Building Assets For Windows
[2019.10.26-06.24.16:592][  0]LogAudioDebug: Display: Lib vorbis DLL was dynamically loaded.
[2019.10.26-06.24.17:288][  0]LogShaderCompilers: Guid format shader working directory is -30 characters bigger than the processId version (../../../../../../Users/recon/Documents/Unreal Projects/Kivett_Escape_Class/Intermediate/Shaders/WorkingDirectory/13860/).
[2019.10.26-06.24.17:288][  0]LogShaderCompilers: Cleaned the shader compiler working directory 'C:/Users/recon/AppData/Local/Temp/UnrealShaderWorkingDir/ECB2747F4270C3768BE03EB70CD136F2/'.
[2019.10.26-06.24.17:341][  0]LogXGEController: Cannot use XGE Controller as Incredibuild is not installed on this machine.
[2019.10.26-06.24.17:341][  0]LogShaderCompilers: Cannot use XGE Shader Compiler as Incredibuild is not installed on this machine.
[2019.10.26-06.24.17:341][  0]LogShaderCompilers: Display: Using Local Shader Compiler.
[2019.10.26-06.24.21:028][  0]LogDerivedDataCache: Display: Max Cache Size: 512 MB
[2019.10.26-06.24.21:868][  0]LogDerivedDataCache: Loaded boot cache 0.84s 73MB C:/Users/recon/AppData/Local/UnrealEngine/4.23/DerivedDataCache/Boot.ddc.
[2019.10.26-06.24.21:868][  0]LogDerivedDataCache: Display: Loaded Boot cache: C:/Users/recon/AppData/Local/UnrealEngine/4.23/DerivedDataCache/Boot.ddc
[2019.10.26-06.24.21:868][  0]LogDerivedDataCache: FDerivedDataBackendGraph:  Pak pak cache file ../../../../../../Users/recon/Documents/Unreal Projects/Kivett_Escape_Class/DerivedDataCache/DDC.ddp not found, will not use a pak cache.
[2019.10.26-06.24.21:868][  0]LogDerivedDataCache: Unable to find inner node Pak for hierarchical cache Hierarchy.
[2019.10.26-06.24.21:868][  0]LogDerivedDataCache: FDerivedDataBackendGraph:  CompressedPak pak cache file ../../../../../../Users/recon/Documents/Unreal Projects/Kivett_Escape_Class/DerivedDataCache/Compressed.ddp not found, will not use a pak cache.
[2019.10.26-06.24.21:868][  0]LogDerivedDataCache: Unable to find inner node CompressedPak for hierarchical cache Hierarchy.
[2019.10.26-06.24.22:039][  0]LogDerivedDataCache: Display: Pak cache opened for reading ../../../Engine/DerivedDataCache/Compressed.ddp.
[2019.10.26-06.24.22:039][  0]LogDerivedDataCache: FDerivedDataBackendGraph:  EnterprisePak pak cache file ../../../Enterprise/DerivedDataCache/Compressed.ddp not found, will not use a pak cache.
[2019.10.26-06.24.22:039][  0]LogDerivedDataCache: Unable to find inner node EnterprisePak for hierarchical cache Hierarchy.
[2019.10.26-06.24.22:041][  0]LogDerivedDataCache: Using Local data cache path C:/Users/recon/AppData/Local/UnrealEngine/Common/DerivedDataCache: Writable
[2019.10.26-06.24.22:041][  0]LogDerivedDataCache: Shared data cache path not found in *engine.ini, will not use an Shared cache.
[2019.10.26-06.24.22:041][  0]LogDerivedDataCache: Unable to find inner node Shared for hierarchical cache Hierarchy.
[2019.10.26-06.24.22:070][  0]LogMaterial: Verifying Global Shaders for PCD3D_SM5
[2019.10.26-06.24.22:076][  0]LogSlate: Using FreeType 2.6.0
[2019.10.26-06.24.22:130][  0]LogSlate: SlateFontServices - WITH_FREETYPE: 1, WITH_HARFBUZZ: 1
[2019.10.26-06.24.24:220][  0]LogAssetRegistry: FAssetRegistry took 0.0035 seconds to start up
[2019.10.26-06.24.24:608][  0]LogAssetRegistry: Error: Failed to open file for write ../../../../../../Users/recon/Documents/Unreal Projects/Kivett_Escape_Class/Intermediate/CachedAssetRegistry.bin
[2019.10.26-06.24.24:608][  0]LogInit: Selected Device Profile: [Windows]
[2019.10.26-06.24.25:328][  0]LogMeshReduction: Using QuadricMeshReduction for automatic static mesh reduction
[2019.10.26-06.24.25:328][  0]LogMeshReduction: Using SimplygonMeshReduction for automatic skeletal mesh reduction
[2019.10.26-06.24.25:328][  0]LogMeshReduction: Using ProxyLODMeshReduction for automatic mesh merging
[2019.10.26-06.24.25:328][  0]LogMeshReduction: No distributed automatic mesh merging module available
[2019.10.26-06.24.25:328][  0]LogMeshMerging: No distributed automatic mesh merging module available
[2019.10.26-06.24.25:362][  0]LogNetVersion: Kivett_Escape_Class 1.0.0, NetCL: 8386587, EngineNetVer: 11, GameNetVer: 0 (Checksum: 4099637301)
[2019.10.26-06.24.27:463][  0]LogAssetRegistry: Error: Failed to open file for write ../../../../../../Users/recon/Documents/Unreal Projects/Kivett_Escape_Class/Intermediate/AssetRegistryCache/866581fd.bin
[2019.10.26-06.24.27:551][  0]LogPackageLocalizationCache: Processed 12 localized package path(s) for 1 prioritized culture(s) in 0.116322 seconds
[2019.10.26-06.24.27:563][  0]LogUObjectArray: 43444 objects as part of root set at end of initial load.
[2019.10.26-06.24.27:563][  0]LogUObjectAllocator: 7548648 out of 0 bytes used by permanent object pool.
[2019.10.26-06.24.27:563][  0]LogUObjectArray: CloseDisregardForGC: 0/0 objects in disregard for GC pool
[2019.10.26-06.24.55:312][  0]LogTcpMessaging: Initializing TcpMessaging bridge
[2019.10.26-06.24.55:397][  0]LogUdpMessaging: Initializing bridge on interface 0.0.0.0:0 to multicast group 230.0.0.1:6666.
[2019.10.26-06.24.55:905][  0]SourceControl: Source control is disabled
[2019.10.26-06.24.55:905][  0]SourceControl: Source control is disabled
[2019.10.26-06.24.55:948][  0]SourceControl: Source control is disabled
[2019.10.26-06.24.55:956][  0]SourceControl: Source control is disabled
[2019.10.26-06.24.55:999][  0]LogVSAccessor: Display: Unable to create Visual Studio setup instance: 80040154
[2019.10.26-06.24.56:000][  0]LogVSAccessor: Display: Unable to create Visual Studio setup instance: 80040154
[2019.10.26-06.24.57:139][  0]LogAndroidPermission: UAndroidPermissionCallbackProxy::GetInstance
[2019.10.26-06.24.57:941][  0]LogOcInput: OculusInput pre-init called
[2019.10.26-06.24.57:990][  0]LogWindows: Failed to load 'OVRPlugin.dll' (GetLastError=126)
[2019.10.26-06.24.57:990][  0]LogWindows: File 'OVRPlugin.dll' does not exist
[2019.10.26-06.24.58:397][  0]LogEngine: Initializing Engine...
[2019.10.26-06.24.58:398][  0]LogHMD: Failed to initialize OpenVR with code 110
[2019.10.26-06.24.58:400][  0]LogStats: UGameplayTagsManager::InitializeManager -  0.000 s
[2019.10.26-06.24.59:018][  0]LogInit: Initializing FReadOnlyCVARCache
[2019.10.26-06.24.59:104][  0]LogAIModule: Creating AISystem for world Untitled
[2019.10.26-06.24.59:202][  0]LogInit: XAudio2 using 'Speakers (Yeti Stereo Microphone)' : 2 channels at 44.1 kHz using 16 bits per sample (channel mask 0x3)
[2019.10.26-06.24.59:223][  0]LogInit: FAudioDevice initialized.
[2019.10.26-06.24.59:223][  0]LogNetVersion: Set ProjectVersion to 1.0.0.0. Version Checksum will be recalculated on next use.
[2019.10.26-06.24.59:689][  0]LogDerivedDataCache: Saved boot cache 0.47s 73MB C:/Users/recon/AppData/Local/UnrealEngine/4.23/DerivedDataCache/Boot.ddc.
[2019.10.26-06.24.59:703][  0]LogInit: Texture streaming: Enabled
[2019.10.26-06.24.59:851][  0]LogEngineSessionManager: EngineSessionManager initialized
[2019.10.26-06.24.59:851][  0]LogEditorSessionSummary: Verbose: Initializing EditorSessionSummaryWriter for editor session tracking
[2019.10.26-06.24.59:852][  0]LogEditorSessionSummary: EditorSessionSummaryWriter initialized
[2019.10.26-06.25.00:249][  0]LogInit: Transaction tracking system initialized
[2019.10.26-06.25.00:754][  0]BlueprintLog: New page: Editor Load
[2019.10.26-06.25.01:845][  0]LocalizationService: Localization service is disabled
[2019.10.26-06.25.02:826][  0]LogVSAccessor: Display: Unable to create Visual Studio setup instance: 80040154
[2019.10.26-06.25.02:827][  0]LogVSAccessor: Display: Unable to create Visual Studio setup instance: 80040154
[2019.10.26-06.25.03:448][  0]LogFileCache: Scanning file cache for directory 'C:/Users/recon/Documents/Unreal Projects/Kivett_Escape_Class/Content/' took 0.01s
[2019.10.26-06.25.03:448][  0]LogCook: Display: Max memory allowance for cook 16384mb min free memory 0mb
[2019.10.26-06.25.03:448][  0]LogCook: Display: Mobile HDR setting 1
[2019.10.26-06.25.05:707][  0]SourceControl: Source control is disabled
[2019.10.26-06.25.05:707][  0]Cmd: MAP LOAD FILE="../../../../../../Users/recon/Documents/Unreal Projects/Kivett_Escape_Class/Content/FirstPersonBP/Maps/FirstPersonExampleMap.umap" TEMPLATE=0 SHOWPROGRESS=1 FEATURELEVEL=3
[2019.10.26-06.25.05:708][  0]LightingResults: New page: Lighting Build
[2019.10.26-06.25.05:736][  0]LogWorld: UWorld::CleanupWorld for Untitled, bSessionEnded=true, bCleanupResources=true
[2019.10.26-06.25.05:736][  0]MapCheck: New page: Map Check
[2019.10.26-06.25.05:736][  0]LightingResults: New page: Lighting Build
[2019.10.26-06.25.05:780][  0]LogUObjectHash: Compacting FUObjectHashTables data took   2.12ms
[2019.10.26-06.25.07:328][  0]LogAIModule: Creating AISystem for world FirstPersonExampleMap
[2019.10.26-06.25.07:404][  0]LogEditorServer: Finished looking for orphan Actors (0.000 secs)
[2019.10.26-06.25.07:662][  0]LogUObjectHash: Compacting FUObjectHashTables data took   2.80ms
[2019.10.26-06.25.07:662][  0]Cmd: MAP CHECKDEP NOCLEARLOG
[2019.10.26-06.25.07:663][  0]MapCheck: Map check complete: 0 Error(s), 0 Warning(s), took 0.296ms to complete.
[2019.10.26-06.25.07:663][  0]LogFileHelpers: Loading map 'FirstPersonExampleMap' took 1.956
[2019.10.26-06.25.07:963][  0]LogSlate: Updating window title bar state: overlay mode, drag disabled, window buttons hidden, title bar hidden
[2019.10.26-06.25.07:971][  0]LogSlate: Updating window title bar state: overlay mode, drag disabled, window buttons hidden, title bar hidden
[2019.10.26-06.25.07:980][  0]LogSlate: Updating window title bar state: overlay mode, drag disabled, window buttons hidden, title bar hidden
[2019.10.26-06.25.07:989][  0]LogSlate: Updating window title bar state: overlay mode, drag disabled, window buttons hidden, title bar hidden
[2019.10.26-06.25.08:103][  0]LogCollectionManager: Loaded 0 collections in 0.005869 seconds
[2019.10.26-06.25.08:132][  0]LogFileCache: Scanning file cache for directory 'C:/Users/recon/Documents/Unreal Projects/Kivett_Escape_Class/Saved/Collections/' took 0.00s
[2019.10.26-06.25.08:132][  0]LogFileCache: Scanning file cache for directory 'C:/Users/recon/Documents/Unreal Projects/Kivett_Escape_Class/Content/Developers/recon/Collections/' took 0.00s
[2019.10.26-06.25.08:132][  0]LogFileCache: Scanning file cache for directory 'C:/Users/recon/Documents/Unreal Projects/Kivett_Escape_Class/Content/Collections/' took 0.00s
[2019.10.26-06.25.08:132][  0]LogCollectionManager: Rebuilt the GUID cache for 0 collections in 0.000001 seconds
[2019.10.26-06.25.08:143][  0]LogContentBrowser: Native class hierarchy populated in 0.0109 seconds. Added 2863 classes and 680 folders.
[2019.10.26-06.25.08:192][  0]LogContentBrowser: Native class hierarchy updated for 'WidgetCarousel' in 0.0004 seconds. Added 0 classes and 0 folders.
[2019.10.26-06.25.09:549][  0]LogContentBrowser: Native class hierarchy updated for 'AddContentDialog' in 0.0003 seconds. Added 0 classes and 0 folders.
[2019.10.26-06.25.09:590][  0]LogContentBrowser: Native class hierarchy updated for 'SceneOutliner' in 0.0004 seconds. Added 1 classes and 2 folders.
[2019.10.26-06.25.09:848][  0]LogSlate: Took 0.109775 seconds to synchronously load lazily loaded font '../../../Engine/Content/Slate/Fonts/Roboto-Regular.ttf' (155K)
[2019.10.26-06.25.09:916][  0]LogSlate: Took 0.065632 seconds to synchronously load lazily loaded font '../../../Engine/Content/Slate/Fonts/Roboto-Bold.ttf' (160K)
[2019.10.26-06.25.09:975][  0]LogSlate: Took 0.054116 seconds to synchronously load lazily loaded font '../../../Engine/Content/Editor/Slate/Fonts/FontAwesome.ttf' (139K)
[2019.10.26-06.25.10:154][  0]LogRenderer: Reallocating scene render targets to support 1208x572 Format 10 NumSamples 1 (Frame:1).
[2019.10.26-06.25.10:347][  0]LogContentBrowser: Native class hierarchy updated for 'HierarchicalLODOutliner' in 0.0003 seconds. Added 0 classes and 0 folders.
[2019.10.26-06.25.10:347][  0]LogLoad: (Engine Initialization) Total time: 95.21 seconds
[2019.10.26-06.25.10:347][  0]LogLoad: (Engine Initialization) Total Blueprint compile time: 0.00 seconds
[2019.10.26-06.25.10:491][  0]LogContentStreaming: Texture pool size now 1000 MB
[2019.10.26-06.25.10:635][  0]LogSlate: Took 0.057095 seconds to synchronously load lazily loaded font '../../../Engine/Content/Slate/Fonts/Roboto-Light.ttf' (167K)
[2019.10.26-06.25.11:532][ 11]LogSlate: Took 0.000366 seconds to synchronously load lazily loaded font '../../../Engine/Content/Slate/Fonts/Roboto-Light.ttf' (167K)
[2019.10.26-06.25.12:701][ 26]LogAssetRegistry: Asset discovery search completed in 48.4811 seconds
[2019.10.26-06.25.12:705][ 26]LogCollectionManager: Rebuilt the object cache for 0 collections in 0.000006 seconds (found 0 objects)
[2019.10.26-06.25.12:705][ 26]LogCollectionManager: Fixed up redirectors for 0 collections in 0.000075 seconds (updated 0 objects)
[2019.10.26-06.25.15:944][162]LogSlate: FSceneViewport::OnFocusLost() reason 0
[2019.10.26-06.25.16:018][171]LogTemp: Repeating last play command: Selected Viewport
[2019.10.26-06.25.16:041][171]LogBlueprintUserMessages: Early PlayInEditor Detection: Level '/Game/FirstPersonBP/Maps/FirstPersonExampleMap.FirstPersonExampleMap:PersistentLevel' has LevelScriptBlueprint '/Game/FirstPersonBP/Maps/FirstPersonExampleMap.FirstPersonExampleMap:PersistentLevel.FirstPersonExampleMap' with GeneratedClass '/Game/FirstPersonBP/Maps/FirstPersonExampleMap.FirstPersonExampleMap_C' with ClassGeneratedBy '/Game/FirstPersonBP/Maps/FirstPersonExampleMap.FirstPersonExampleMap:PersistentLevel.FirstPersonExampleMap'
[2019.10.26-06.25.16:041][171]LogPlayLevel: PlayLevel: No blueprints needed recompiling
[2019.10.26-06.25.16:041][171]PIE: New page: PIE session: FirstPersonExampleMap (Oct 25, 2019, 10:25:16 PM)
[2019.10.26-06.25.16:043][171]LogOnline: OSS: Creating online subsystem instance for: NULL
[2019.10.26-06.25.16:044][171]LogPlayLevel: Creating play world package: /Game/FirstPersonBP/Maps/UEDPIE_0_FirstPersonExampleMap
[2019.10.26-06.25.16:199][171]LogPlayLevel: PIE: StaticDuplicateObject took: (0.155334s)
[2019.10.26-06.25.16:201][171]LogAIModule: Creating AISystem for world FirstPersonExampleMap
[2019.10.26-06.25.16:201][171]LogPlayLevel: PIE: World Init took: (0.001524s)
[2019.10.26-06.25.16:201][171]LogPlayLevel: PIE: Created PIE world by copying editor world from /Game/FirstPersonBP/Maps/FirstPersonExampleMap.FirstPersonExampleMap to /Game/FirstPersonBP/Maps/UEDPIE_0_FirstPersonExampleMap.FirstPersonExampleMap (0.157285s)
[2019.10.26-06.25.16:251][171]LogUObjectHash: Compacting FUObjectHashTables data took   1.89ms
[2019.10.26-06.25.16:271][171]LogInit: XAudio2 using 'Speakers (Yeti Stereo Microphone)' : 2 channels at 44.1 kHz using 16 bits per sample (channel mask 0x3)
[2019.10.26-06.25.16:285][171]LogInit: FAudioDevice initialized.
[2019.10.26-06.25.16:296][171]LogLoad: Game class is 'FirstPersonGameMode_C'
[2019.10.26-06.25.16:304][171]LogWorld: Bringing World /Game/FirstPersonBP/Maps/UEDPIE_0_FirstPersonExampleMap.FirstPersonExampleMap up for play (max tick rate 0) at 2019.10.26-02.25.16
[2019.10.26-06.25.16:306][171]LogWorld: Bringing up level for play took: 0.008148
[2019.10.26-06.25.16:306][171]LogOnline: OSS: Creating online subsystem instance for: :Context_3
[2019.10.26-06.25.16:357][171]LogContentBrowser: Native class hierarchy updated for 'MovieSceneCapture' in 0.0005 seconds. Added 20 classes and 0 folders.
[2019.10.26-06.25.16:358][171]PIE: Play in editor start time for /Game/FirstPersonBP/Maps/UEDPIE_0_FirstPersonExampleMap 0.402
[2019.10.26-06.25.16:358][171]LogBlueprintUserMessages: Late PlayInEditor Detection: Level '/Game/FirstPersonBP/Maps/FirstPersonExampleMap.FirstPersonExampleMap:PersistentLevel' has LevelScriptBlueprint '/Game/FirstPersonBP/Maps/FirstPersonExampleMap.FirstPersonExampleMap:PersistentLevel.FirstPersonExampleMap' with GeneratedClass '/Game/FirstPersonBP/Maps/FirstPersonExampleMap.FirstPersonExampleMap_C' with ClassGeneratedBy '/Game/FirstPersonBP/Maps/FirstPersonExampleMap.FirstPersonExampleMap:PersistentLevel.FirstPersonExampleMap'
[2019.10.26-06.25.20:544][650]LogBlueprintUserMessages: Early EndPlayMap Detection: Level '/Game/FirstPersonBP/Maps/FirstPersonExampleMap.FirstPersonExampleMap:PersistentLevel' has LevelScriptBlueprint '/Game/FirstPersonBP/Maps/FirstPersonExampleMap.FirstPersonExampleMap:PersistentLevel.FirstPersonExampleMap' with GeneratedClass '/Game/FirstPersonBP/Maps/FirstPersonExampleMap.FirstPersonExampleMap_C' with ClassGeneratedBy '/Game/FirstPersonBP/Maps/FirstPersonExampleMap.FirstPersonExampleMap:PersistentLevel.FirstPersonExampleMap'
[2019.10.26-06.25.20:544][650]LogSlate: Updating window title bar state: overlay mode, drag disabled, window buttons hidden, title bar hidden
[2019.10.26-06.25.20:544][650]LogWorld: BeginTearingDown for /Game/FirstPersonBP/Maps/UEDPIE_0_FirstPersonExampleMap
[2019.10.26-06.25.20:544][650]LogWorld: UWorld::CleanupWorld for FirstPersonExampleMap, bSessionEnded=true, bCleanupResources=true
[2019.10.26-06.25.20:554][650]LogPlayLevel: Display: Shutting down PIE online subsystems
[2019.10.26-06.25.20:555][650]LogBlueprintUserMessages: Late EndPlayMap Detection: Level '/Game/FirstPersonBP/Maps/FirstPersonExampleMap.FirstPersonExampleMap:PersistentLevel' has LevelScriptBlueprint '/Game/FirstPersonBP/Maps/FirstPersonExampleMap.FirstPersonExampleMap:PersistentLevel.FirstPersonExampleMap' with GeneratedClass '/Game/FirstPersonBP/Maps/FirstPersonExampleMap.FirstPersonExampleMap_C' with ClassGeneratedBy '/Game/FirstPersonBP/Maps/FirstPersonExampleMap.FirstPersonExampleMap:PersistentLevel.FirstPersonExampleMap'
[2019.10.26-06.25.20:605][650]LogSlate: Updating window title bar state: overlay mode, drag disabled, window buttons hidden, title bar hidden
[2019.10.26-06.25.20:609][650]LogUObjectHash: Compacting FUObjectHashTables data took   1.74ms
[2019.10.26-06.25.20:652][652]LogPlayLevel: Display: Destroying online subsystem :Context_3
[2019.10.26-06.25.21:572][753]LogSlate: FSceneViewport::OnFocusLost() reason 0
[2019.10.26-06.25.40:866][ 11]LogEditorViewport: Clicking on Actor (LMB): AmbientSound (Lobo_Loco_-_03_-_Streetlife_-_Silentfilm_ID_981)
[2019.10.26-06.25.48:456][831]LogEditorViewport: Clicking on Actor (LMB): AmbientSound (Lobo_Loco_-_03_-_Streetlife_-_Silentfilm_ID_981)
[2019.10.26-06.25.48:523][835]LogEditorViewport: Clicking on Component (LMB): AudioComponent (AudioComponent0)
[2019.10.26-06.25.49:244][916]LogEditorViewport: Clicking on Component (LMB): AudioComponent (AudioComponent0)
[2019.10.26-06.25.49:312][920]LogEditorViewport: Clicking on Actor (double click): AmbientSound (Lobo_Loco_-_03_-_Streetlife_-_Silentfilm_ID_981)
[2019.10.26-06.25.50:125][ 12]LogEditorViewport: Clicking on Actor (LMB): AmbientSound (Lobo_Loco_-_03_-_Streetlife_-_Silentfilm_ID_981)
[2019.10.26-06.25.50:830][ 91]LogEditorViewport: Clicking on Actor (LMB): AmbientSound (Lobo_Loco_-_03_-_Streetlife_-_Silentfilm_ID_981)
[2019.10.26-06.25.50:919][ 96]LogEditorViewport: Clicking on Component (LMB): AudioComponent (AudioComponent0)
[2019.10.26-06.25.51:536][163]LogEditorViewport: Clicking on Component (LMB): AudioComponent (AudioComponent0)
[2019.10.26-06.25.57:392][850]LogSlate: FSceneViewport::OnFocusLost() reason 0
[2019.10.26-06.26.05:679][738]LogAssetEditorManager: Opening Asset editor for SoundWave /Game/MyAudio/Lobo_Loco_-_03_-_Streetlife_-_Silentfilm_ID_981.Lobo_Loco_-_03_-_Streetlife_-_Silentfilm_ID_981
[2019.10.26-06.26.15:443][814]LogSlate: Window 'Lobo_Loco_-_03_-_Streetlife_-_Silentfilm_ID_981' being destroyed
[2019.10.26-06.26.15:449][814]LogSlate: Window 'Lobo_Loco_-_03_-_Streetlife_-_Silentfilm_ID_981' being destroyed
[2019.10.26-06.26.16:468][927]LogTemp: Repeating last play command: Selected Viewport
[2019.10.26-06.26.16:490][927]LogBlueprintUserMessages: Early PlayInEditor Detection: Level '/Game/FirstPersonBP/Maps/FirstPersonExampleMap.FirstPersonExampleMap:PersistentLevel' has LevelScriptBlueprint '/Game/FirstPersonBP/Maps/FirstPersonExampleMap.FirstPersonExampleMap:PersistentLevel.FirstPersonExampleMap' with GeneratedClass '/Game/FirstPersonBP/Maps/FirstPersonExampleMap.FirstPersonExampleMap_C' with ClassGeneratedBy '/Game/FirstPersonBP/Maps/FirstPersonExampleMap.FirstPersonExampleMap:PersistentLevel.FirstPersonExampleMap'
[2019.10.26-06.26.16:490][927]LogPlayLevel: PlayLevel: No blueprints needed recompiling
[2019.10.26-06.26.16:490][927]PIE: New page: PIE session: FirstPersonExampleMap (Oct 25, 2019, 10:26:16 PM)
[2019.10.26-06.26.16:490][927]LogPlayLevel: Creating play world package: /Game/FirstPersonBP/Maps/UEDPIE_0_FirstPersonExampleMap
[2019.10.26-06.26.16:643][927]LogPlayLevel: PIE: StaticDuplicateObject took: (0.152733s)
[2019.10.26-06.26.16:644][927]LogAIModule: Creating AISystem for world FirstPersonExampleMap
[2019.10.26-06.26.16:644][927]LogPlayLevel: PIE: World Init took: (0.001340s)
[2019.10.26-06.26.16:644][927]LogPlayLevel: PIE: Created PIE world by copying editor world from /Game/FirstPersonBP/Maps/FirstPersonExampleMap.FirstPersonExampleMap to /Game/FirstPersonBP/Maps/UEDPIE_0_FirstPersonExampleMap.FirstPersonExampleMap (0.154299s)
[2019.10.26-06.26.16:690][927]LogUObjectHash: Compacting FUObjectHashTables data took   1.81ms
[2019.10.26-06.26.16:709][927]LogInit: XAudio2 using 'Speakers (Yeti Stereo Microphone)' : 2 channels at 44.1 kHz using 16 bits per sample (channel mask 0x3)
[2019.10.26-06.26.16:721][927]LogInit: FAudioDevice initialized.
[2019.10.26-06.26.16:733][927]LogLoad: Game class is 'FirstPersonGameMode_C'
[2019.10.26-06.26.16:740][927]LogWorld: Bringing World /Game/FirstPersonBP/Maps/UEDPIE_0_FirstPersonExampleMap.FirstPersonExampleMap up for play (max tick rate 0) at 2019.10.26-02.26.16
[2019.10.26-06.26.16:740][927]LogWorld: Bringing up level for play took: 0.007229
[2019.10.26-06.26.16:741][927]LogOnline: OSS: Creating online subsystem instance for: :Context_4
[2019.10.26-06.26.16:743][927]PIE: Play in editor start time for /Game/FirstPersonBP/Maps/UEDPIE_0_FirstPersonExampleMap 0.788
[2019.10.26-06.26.16:744][927]LogBlueprintUserMessages: Late PlayInEditor Detection: Level '/Game/FirstPersonBP/Maps/FirstPersonExampleMap.FirstPersonExampleMap:PersistentLevel' has LevelScriptBlueprint '/Game/FirstPersonBP/Maps/FirstPersonExampleMap.FirstPersonExampleMap:PersistentLevel.FirstPersonExampleMap' with GeneratedClass '/Game/FirstPersonBP/Maps/FirstPersonExampleMap.FirstPersonExampleMap_C' with ClassGeneratedBy '/Game/FirstPersonBP/Maps/FirstPersonExampleMap.FirstPersonExampleMap:PersistentLevel.FirstPersonExampleMap'
[2019.10.26-06.26.42:382][993]LogBlueprintUserMessages: Early EndPlayMap Detection: Level '/Game/FirstPersonBP/Maps/FirstPersonExampleMap.FirstPersonExampleMap:PersistentLevel' has LevelScriptBlueprint '/Game/FirstPersonBP/Maps/FirstPersonExampleMap.FirstPersonExampleMap:PersistentLevel.FirstPersonExampleMap' with GeneratedClass '/Game/FirstPersonBP/Maps/FirstPersonExampleMap.FirstPersonExampleMap_C' with ClassGeneratedBy '/Game/FirstPersonBP/Maps/FirstPersonExampleMap.FirstPersonExampleMap:PersistentLevel.FirstPersonExampleMap'
[2019.10.26-06.26.42:382][993]LogSlate: Updating window title bar state: overlay mode, drag disabled, window buttons hidden, title bar hidden
[2019.10.26-06.26.42:382][993]LogWorld: BeginTearingDown for /Game/FirstPersonBP/Maps/UEDPIE_0_FirstPersonExampleMap
[2019.10.26-06.26.42:383][993]LogWorld: UWorld::CleanupWorld for FirstPersonExampleMap, bSessionEnded=true, bCleanupResources=true
[2019.10.26-06.26.42:394][993]LogPlayLevel: Display: Shutting down PIE online subsystems
[2019.10.26-06.26.42:394][993]LogBlueprintUserMessages: Late EndPlayMap Detection: Level '/Game/FirstPersonBP/Maps/FirstPersonExampleMap.FirstPersonExampleMap:PersistentLevel' has LevelScriptBlueprint '/Game/FirstPersonBP/Maps/FirstPersonExampleMap.FirstPersonExampleMap:PersistentLevel.FirstPersonExampleMap' with GeneratedClass '/Game/FirstPersonBP/Maps/FirstPersonExampleMap.FirstPersonExampleMap_C' with ClassGeneratedBy '/Game/FirstPersonBP/Maps/FirstPersonExampleMap.FirstPersonExampleMap:PersistentLevel.FirstPersonExampleMap'
[2019.10.26-06.26.42:445][993]LogSlate: Updating window title bar state: overlay mode, drag disabled, window buttons hidden, title bar hidden
[2019.10.26-06.26.42:451][993]LogUObjectHash: Compacting FUObjectHashTables data took   1.84ms
[2019.10.26-06.26.42:500][995]LogPlayLevel: Display: Destroying online subsystem :Context_4
[2019.10.26-06.26.48:184][645]LogSlate: FSceneViewport::OnFocusLost() reason 0
[2019.10.26-06.26.49:583][770]LogAssetEditorManager: Opening Asset editor for Blueprint /Game/FirstPersonBP/Blueprints/BP_Door.BP_Door
[2019.10.26-06.26.50:045][770]LogContentBrowser: Native class hierarchy updated for 'BlueprintGraph' in 0.0008 seconds. Added 121 classes and 0 folders.
[2019.10.26-06.26.51:220][770]LogSlate: Took 0.035161 seconds to synchronously load lazily loaded font '../../../Engine/Content/Slate/Fonts/Roboto-BoldCondensed.ttf' (158K)
[2019.10.26-06.26.51:376][771]LogSlate: Took 0.081522 seconds to synchronously load lazily loaded font '../../../Engine/Content/Slate/Fonts/Roboto-Italic.ttf' (157K)
[2019.10.26-06.27.48:458][  1]BlueprintLog: New page: Compile BP_Door
[2019.10.26-06.27.48:771][  1]LogUObjectHash: Compacting FUObjectHashTables data took   4.42ms
[2019.10.26-06.27.51:391][258]LogTemp: Repeating last play command: Selected Viewport
[2019.10.26-06.27.51:414][258]LogBlueprintUserMessages: Early PlayInEditor Detection: Level '/Game/FirstPersonBP/Maps/FirstPersonExampleMap.FirstPersonExampleMap:PersistentLevel' has LevelScriptBlueprint '/Game/FirstPersonBP/Maps/FirstPersonExampleMap.FirstPersonExampleMap:PersistentLevel.FirstPersonExampleMap' with GeneratedClass '/Game/FirstPersonBP/Maps/FirstPersonExampleMap.FirstPersonExampleMap_C' with ClassGeneratedBy '/Game/FirstPersonBP/Maps/FirstPersonExampleMap.FirstPersonExampleMap:PersistentLevel.FirstPersonExampleMap'
[2019.10.26-06.27.51:414][258]LogPlayLevel: PlayLevel: No blueprints needed recompiling
[2019.10.26-06.27.51:414][258]PIE: New page: PIE session: FirstPersonExampleMap (Oct 25, 2019, 10:27:51 PM)
[2019.10.26-06.27.51:414][258]LogPlayLevel: Creating play world package: /Game/FirstPersonBP/Maps/UEDPIE_0_FirstPersonExampleMap
[2019.10.26-06.27.51:567][258]LogPlayLevel: PIE: StaticDuplicateObject took: (0.152704s)
[2019.10.26-06.27.51:568][258]LogAIModule: Creating AISystem for world FirstPersonExampleMap
[2019.10.26-06.27.51:569][258]LogPlayLevel: PIE: World Init took: (0.001652s)
[2019.10.26-06.27.51:569][258]LogPlayLevel: PIE: Created PIE world by copying editor world from /Game/FirstPersonBP/Maps/FirstPersonExampleMap.FirstPersonExampleMap to /Game/FirstPersonBP/Maps/UEDPIE_0_FirstPersonExampleMap.FirstPersonExampleMap (0.154578s)
[2019.10.26-06.27.51:622][258]LogUObjectHash: Compacting FUObjectHashTables data took   4.31ms
[2019.10.26-06.27.51:641][258]LogInit: XAudio2 using 'Speakers (Yeti Stereo Microphone)' : 2 channels at 44.1 kHz using 16 bits per sample (channel mask 0x3)
[2019.10.26-06.27.51:655][258]LogInit: FAudioDevice initialized.
[2019.10.26-06.27.51:660][258]LogLoad: Game class is 'FirstPersonGameMode_C'
[2019.10.26-06.27.51:667][258]LogWorld: Bringing World /Game/FirstPersonBP/Maps/UEDPIE_0_FirstPersonExampleMap.FirstPersonExampleMap up for play (max tick rate 0) at 2019.10.26-02.27.51
[2019.10.26-06.27.51:668][258]LogWorld: Bringing up level for play took: 0.007082
[2019.10.26-06.27.51:668][258]LogOnline: OSS: Creating online subsystem instance for: :Context_6
[2019.10.26-06.27.51:671][258]PIE: Play in editor start time for /Game/FirstPersonBP/Maps/UEDPIE_0_FirstPersonExampleMap -0.284
[2019.10.26-06.27.51:671][258]LogBlueprintUserMessages: Late PlayInEditor Detection: Level '/Game/FirstPersonBP/Maps/FirstPersonExampleMap.FirstPersonExampleMap:PersistentLevel' has LevelScriptBlueprint '/Game/FirstPersonBP/Maps/FirstPersonExampleMap.FirstPersonExampleMap:PersistentLevel.FirstPersonExampleMap' with GeneratedClass '/Game/FirstPersonBP/Maps/FirstPersonExampleMap.FirstPersonExampleMap_C' with ClassGeneratedBy '/Game/FirstPersonBP/Maps/FirstPersonExampleMap.FirstPersonExampleMap:PersistentLevel.FirstPersonExampleMap'
[2019.10.26-06.28.16:391][214]LogBlueprintUserMessages: Early EndPlayMap Detection: Level '/Game/FirstPersonBP/Maps/FirstPersonExampleMap.FirstPersonExampleMap:PersistentLevel' has LevelScriptBlueprint '/Game/FirstPersonBP/Maps/FirstPersonExampleMap.FirstPersonExampleMap:PersistentLevel.FirstPersonExampleMap' with GeneratedClass '/Game/FirstPersonBP/Maps/FirstPersonExampleMap.FirstPersonExampleMap_C' with ClassGeneratedBy '/Game/FirstPersonBP/Maps/FirstPersonExampleMap.FirstPersonExampleMap:PersistentLevel.FirstPersonExampleMap'
[2019.10.26-06.28.16:392][214]LogSlate: Updating window title bar state: overlay mode, drag disabled, window buttons hidden, title bar hidden
[2019.10.26-06.28.16:392][214]LogWorld: BeginTearingDown for /Game/FirstPersonBP/Maps/UEDPIE_0_FirstPersonExampleMap
[2019.10.26-06.28.16:392][214]LogWorld: UWorld::CleanupWorld for FirstPersonExampleMap, bSessionEnded=true, bCleanupResources=true
[2019.10.26-06.28.16:413][214]LogPlayLevel: Display: Shutting down PIE online subsystems
[2019.10.26-06.28.16:413][214]LogBlueprintUserMessages: Late EndPlayMap Detection: Level '/Game/FirstPersonBP/Maps/FirstPersonExampleMap.FirstPersonExampleMap:PersistentLevel' has LevelScriptBlueprint '/Game/FirstPersonBP/Maps/FirstPersonExampleMap.FirstPersonExampleMap:PersistentLevel.FirstPersonExampleMap' with GeneratedClass '/Game/FirstPersonBP/Maps/FirstPersonExampleMap.FirstPersonExampleMap_C' with ClassGeneratedBy '/Game/FirstPersonBP/Maps/FirstPersonExampleMap.FirstPersonExampleMap:PersistentLevel.FirstPersonExampleMap'
[2019.10.26-06.28.16:472][214]LogSlate: Updating window title bar state: overlay mode, drag disabled, window buttons hidden, title bar hidden
[2019.10.26-06.28.16:478][214]LogUObjectHash: Compacting FUObjectHashTables data took   3.53ms
[2019.10.26-06.28.16:502][215]LogPlayLevel: Display: Destroying online subsystem :Context_6
[2019.10.26-06.28.20:736][602]LogSlate: FSceneViewport::OnFocusLost() reason 5
[2019.10.26-06.29.54:135][555]LogSlate: FSceneViewport::OnFocusLost() reason 0
[2019.10.26-06.29.54:304][567]LogUObjectHash: Compacting FUObjectHashTables data took   1.24ms
[2019.10.26-06.29.55:657][567]LogSlate: Window 'Save Content' being destroyed
[2019.10.26-06.29.55:779][567]LogSavePackage: Moving '../../../../../../Users/recon/Documents/Unreal Projects/Kivett_Escape_Class/Saved/BP_Door1C87383E45D749216CA0C68C46B5DD64.tmp' to '../../../../../../Users/recon/Documents/Unreal Projects/Kivett_Escape_Class/Content/FirstPersonBP/Blueprints/BP_Door.uasset'
[2019.10.26-06.29.55:845][567]LogUObjectHash: Compacting FUObjectHashTables data took   3.16ms
[2019.10.26-06.29.56:651][567]LogSavePackage: Moving '../../../../../../Users/recon/Documents/Unreal Projects/Kivett_Escape_Class/Saved/FirstPersonExampleMapB03EB91341930EBB8907ABBAA353175D.tmp' to '../../../../../../Users/recon/Documents/Unreal Projects/Kivett_Escape_Class/Content/FirstPersonBP/Maps/FirstPersonExampleMap.umap'
[2019.10.26-06.29.56:704][567]LogFileHelpers: Saving map 'FirstPersonExampleMap' took 0.916
[2019.10.26-06.29.56:759][567]LogSavePackage: Moving '../../../../../../Users/recon/Documents/Unreal Projects/Kivett_Escape_Class/Saved/Lobo_Loco_-_03_-_Streetlife_-_SiC65D360D4DCF05E904B3E6A3F6F4B3EF.tmp' to '../../../../../../Users/recon/Documents/Unreal Projects/Kivett_Escape_Class/Content/MyAudio/Lobo_Loco_-_03_-_Streetlife_-_Silentfilm_ID_981.uasset'
