Log file open, 09/26/19 13:35:54
LogWindows: Failed to load 'aqProf.dll' (GetLastError=126)
LogWindows: File 'aqProf.dll' does not exist
LogWindows: Failed to load 'VtuneApi.dll' (GetLastError=126)
LogWindows: File 'VtuneApi.dll' does not exist
LogWindows: Failed to load 'VtuneApi32e.dll' (GetLastError=126)
LogWindows: File 'VtuneApi32e.dll' does not exist
LogConsoleResponse: Display: Failed to find resolution value strings in scalability ini. Falling back to default.
LogInit: Display: Running engine for game: Kivett_Escape_Class
LogPlatformFile: Not using cached read wrapper
LogTaskGraph: Started task graph with 5 named threads and 23 total threads with 3 sets of task threads.
LogStats: Stats thread started at 0.334672
LogD3D11RHI: Loaded GFSDK_Aftermath_Lib.x64.dll
LogICUInternationalization: ICU TimeZone Detection - Raw Offset: -5:00, Platform Override: ''
LogPluginManager: Mounting plugin Paper2D
LogPluginManager: Mounting plugin AISupport
LogPluginManager: Mounting plugin LightPropagationVolume
LogPluginManager: Mounting plugin ActorLayerUtilities
LogPluginManager: Mounting plugin AnimationSharing
LogPluginManager: Mounting plugin CLionSourceCodeAccess
LogPluginManager: Mounting plugin CodeLiteSourceCodeAccess
LogPluginManager: Mounting plugin GitSourceControl
LogPluginManager: Mounting plugin KDevelopSourceCodeAccess
LogPluginManager: Mounting plugin NullSourceCodeAccess
LogPluginManager: Mounting plugin PerforceSourceControl
LogPluginManager: Mounting plugin SubversionSourceControl
LogPluginManager: Mounting plugin UObjectPlugin
LogPluginManager: Mounting plugin VisualStudioCodeSourceCodeAccess
LogPluginManager: Mounting plugin VisualStudioSourceCodeAccess
LogPluginManager: Mounting plugin XCodeSourceCodeAccess
LogPluginManager: Mounting plugin AssetManagerEditor
LogPluginManager: Mounting plugin CryptoKeys
LogPluginManager: Mounting plugin CurveEditorTools
LogPluginManager: Mounting plugin DataValidation
LogPluginManager: Mounting plugin FacialAnimation
LogPluginManager: Mounting plugin GameplayTagsEditor
LogPluginManager: Mounting plugin MacGraphicsSwitching
LogPluginManager: Mounting plugin MaterialAnalyzer
LogPluginManager: Mounting plugin MobileLauncherProfileWizard
LogPluginManager: Mounting plugin PluginBrowser
LogPluginManager: Mounting plugin SpeedTreeImporter
LogPluginManager: Mounting plugin DatasmithContent
LogPluginManager: Mounting plugin VariantManagerContent
LogPluginManager: Mounting plugin AlembicImporter
LogPluginManager: Mounting plugin AutomationUtils
LogPluginManager: Mounting plugin BackChannel
LogPluginManager: Mounting plugin CharacterAI
LogPluginManager: Mounting plugin GeometryCache
LogPluginManager: Mounting plugin HTML5Networking
LogPluginManager: Mounting plugin PlatformCrypto
LogPluginManager: Mounting plugin ProxyLODPlugin
LogPluginManager: Mounting plugin SkeletalReduction
LogPluginManager: Mounting plugin MagicLeap
LogPluginManager: Mounting plugin MagicLeapMedia
LogPluginManager: Mounting plugin AndroidMedia
LogPluginManager: Mounting plugin AvfMedia
LogPluginManager: Mounting plugin ImgMedia
LogPluginManager: Mounting plugin MediaCompositing
LogPluginManager: Mounting plugin MediaPlayerEditor
LogPluginManager: Mounting plugin WebMMedia
LogPluginManager: Mounting plugin WmfMedia
LogPluginManager: Mounting plugin TcpMessaging
LogPluginManager: Mounting plugin UdpMessaging
LogPluginManager: Mounting plugin ActorSequence
LogPluginManager: Mounting plugin LevelSequenceEditor
LogPluginManager: Mounting plugin MatineeToLevelSequence
LogPluginManager: Mounting plugin NetcodeUnitTest
LogPluginManager: Mounting plugin NUTUnrealEngine4
LogPluginManager: Mounting plugin OnlineSubsystemGooglePlay
LogPluginManager: Mounting plugin OnlineSubsystemIOS
LogPluginManager: Mounting plugin OnlineSubsystem
LogPluginManager: Mounting plugin OnlineSubsystemNull
LogPluginManager: Mounting plugin OnlineSubsystemUtils
LogPluginManager: Mounting plugin LauncherChunkInstaller
LogPluginManager: Mounting plugin AndroidDeviceProfileSelector
LogPluginManager: Mounting plugin AndroidMoviePlayer
LogPluginManager: Mounting plugin AndroidPermission
LogPluginManager: Mounting plugin AppleImageUtils
LogPluginManager: Mounting plugin AppleMoviePlayer
LogPluginManager: Mounting plugin ArchVisCharacter
LogPluginManager: Mounting plugin AudioCapture
LogPluginManager: Mounting plugin CableComponent
LogPluginManager: Mounting plugin CustomMeshComponent
LogPluginManager: Mounting plugin EditableMesh
LogPluginManager: Mounting plugin ExampleDeviceProfileSelector
LogPluginManager: Mounting plugin GoogleCloudMessaging
LogPluginManager: Mounting plugin IOSDeviceProfileSelector
LogPluginManager: Mounting plugin LinuxDeviceProfileSelector
LogPluginManager: Mounting plugin LocationServicesBPLibrary
LogPluginManager: Mounting plugin MobilePatchingUtils
LogPluginManager: Mounting plugin OculusVR
LogPluginManager: Mounting plugin PhysXVehicles
LogPluginManager: Mounting plugin ProceduralMeshComponent
LogPluginManager: Mounting plugin RuntimePhysXCooking
LogPluginManager: Mounting plugin SignificanceManager
LogPluginManager: Mounting plugin SteamVR
LogPluginManager: Mounting plugin WebMMoviePlayer
LogPluginManager: Mounting plugin WindowsMoviePlayer
LogPluginManager: Mounting plugin ScreenshotTools
LogInit: Using libcurl 7.55.1-DEV
LogInit:  - built for x86_64-pc-win32
LogInit:  - supports SSL with OpenSSL/1.1.1
LogInit:  - supports HTTP deflate (compression) using libz 1.2.8
LogInit:  - other features:
LogInit:      CURL_VERSION_SSL
LogInit:      CURL_VERSION_LIBZ
LogInit:      CURL_VERSION_IPV6
LogInit:      CURL_VERSION_ASYNCHDNS
LogInit:      CURL_VERSION_LARGEFILE
LogInit:      CURL_VERSION_IDN
LogInit:  CurlRequestOptions (configurable via config and command line):
LogInit:  - bVerifyPeer = true  - Libcurl will verify peer certificate
LogInit:  - bUseHttpProxy = false  - Libcurl will NOT use HTTP proxy
LogInit:  - bDontReuseConnections = false  - Libcurl will reuse connections
LogInit:  - MaxHostConnections = 16  - Libcurl will limit the number of connections to a host
LogInit:  - LocalHostAddr = Default
LogInit:  - BufferSize = 65536
LogOnline: OSS: Creating online subsystem instance for: NULL
LogInit: WinSock: version 1.1 (2.2), MaxSocks=32767, MaxUdp=65467
LogInit: Build: ++UE4+Release-4.23-CL-8386587
LogInit: Engine Version: 4.23.0-8386587+++UE4+Release-4.23
LogInit: Compatible Engine Version: 4.23.0-8386587+++UE4+Release-4.23
LogInit: Net CL: 8386587
LogInit: OS: Windows 10 (Release 1903) (), CPU: Intel(R) Core(TM) i7-7700 CPU @ 3.60GHz, GPU: NVIDIA GeForce GTX 1070
LogInit: Compiled (64-bit): Aug 31 2019 02:04:44
LogInit: Compiled with Visual C++: 19.16.27030.01
LogInit: Build Configuration: Development
LogInit: Branch Name: ++UE4+Release-4.23
LogInit: Command Line: 
LogInit: Base Directory: C:/Program Files/Epic Games/UE_4.23/Engine/Binaries/Win64/
LogInit: Installed Engine Build: 1
LogDevObjectVersion: Number of dev versions registered: 23
LogDevObjectVersion:   Dev-Blueprints (B0D832E4-1F89-4F0D-ACCF-7EB736FD4AA2): 10
LogDevObjectVersion:   Dev-Build (E1C64328-A22C-4D53-A36C-8E866417BD8C): 0
LogDevObjectVersion:   Dev-Core (375EC13C-06E4-48FB-B500-84F0262A717E): 3
LogDevObjectVersion:   Dev-Editor (E4B068ED-F494-42E9-A231-DA0B2E46BB41): 34
LogDevObjectVersion:   Dev-Framework (CFFC743F-43B0-4480-9391-14DF171D2073): 35
LogDevObjectVersion:   Dev-Mobile (B02B49B5-BB20-44E9-A304-32B752E40360): 2
LogDevObjectVersion:   Dev-Networking (A4E4105C-59A1-49B5-A7C5-40C4547EDFEE): 0
LogDevObjectVersion:   Dev-Online (39C831C9-5AE6-47DC-9A44-9C173E1C8E7C): 0
LogDevObjectVersion:   Dev-Physics (78F01B33-EBEA-4F98-B9B4-84EACCB95AA2): 0
LogDevObjectVersion:   Dev-Platform (6631380F-2D4D-43E0-8009-CF276956A95A): 0
LogDevObjectVersion:   Dev-Rendering (12F88B9F-8875-4AFC-A67C-D90C383ABD29): 31
LogDevObjectVersion:   Dev-Sequencer (7B5AE74C-D270-4C10-A958-57980B212A5A): 11
LogDevObjectVersion:   Dev-VR (D7296918-1DD6-4BDD-9DE2-64A83CC13884): 2
LogDevObjectVersion:   Dev-LoadTimes (C2A15278-BFE7-4AFE-6C17-90FF531DF755): 1
LogDevObjectVersion:   Private-Geometry (6EACA3D4-40EC-4CC1-B786-8BED09428FC5): 3
LogDevObjectVersion:   Dev-AnimPhys (29E575DD-E0A3-4627-9D10-D276232CDCEA): 17
LogDevObjectVersion:   Dev-Anim (AF43A65D-7FD3-4947-9873-3E8ED9C1BB05): 2
LogDevObjectVersion:   Dev-ReflectionCapture (6B266CEC-1EC7-4B8F-A30B-E4D90942FC07): 1
LogDevObjectVersion:   Dev-Automation (0DF73D61-A23F-47EA-B727-89E90C41499A): 1
LogDevObjectVersion:   FortniteMain (601D1886-AC64-4F84-AA16-D3DE0DEAC7D6): 27
LogDevObjectVersion:   Dev-Enterprise (9DFFBCD6-494F-0158-E221-12823C92A888): 6
LogDevObjectVersion:   Dev-Niagara (F2AED0AC-9AFE-416F-8664-AA7FFA26D6FC): 1
LogDevObjectVersion:   Dev-Destruction (174F1F0B-B4C6-45A5-B13F-2EE8D0FB917D): 9
LogInit: Presizing for max 16777216 objects, including 0 objects not considered by GC, pre-allocating 0 bytes for permanent pool.
LogInit: Object subsystem initialized
LogConfig: Setting CVar [[con.DebugEarlyDefault:1]]
LogConfig: Setting CVar [[r.setres:1280x720]]
[2019.09.26-17.35.56:218][  0]LogConfig: Setting CVar [[r.VSync:0]]
[2019.09.26-17.35.56:218][  0]LogConfig: Setting CVar [[r.RHICmdBypass:0]]
[2019.09.26-17.35.56:218][  0]LogConfig: Applying CVar settings from Section [/Script/Engine.RendererSettings] File [C:/Users/tkivett/Documents/Unreal Projects/Kivett_Escape_Class/Saved/Config/Windows/Engine.ini]
[2019.09.26-17.35.56:218][  0]LogConfig: Setting CVar [[r.GPUCrashDebugging:0]]
[2019.09.26-17.35.56:218][  0]LogConfig: Applying CVar settings from Section [/Script/Engine.RendererOverrideSettings] File [C:/Users/tkivett/Documents/Unreal Projects/Kivett_Escape_Class/Saved/Config/Windows/Engine.ini]
[2019.09.26-17.35.56:218][  0]LogConfig: Applying CVar settings from Section [/Script/Engine.StreamingSettings] File [C:/Users/tkivett/Documents/Unreal Projects/Kivett_Escape_Class/Saved/Config/Windows/Engine.ini]
[2019.09.26-17.35.56:218][  0]LogConfig: Setting CVar [[s.MinBulkDataSizeForAsyncLoading:131072]]
[2019.09.26-17.35.56:218][  0]LogConfig: Setting CVar [[s.AsyncLoadingThreadEnabled:0]]
[2019.09.26-17.35.56:218][  0]LogConfig: Setting CVar [[s.EventDrivenLoaderEnabled:1]]
[2019.09.26-17.35.56:218][  0]LogConfig: Setting CVar [[s.WarnIfTimeLimitExceeded:0]]
[2019.09.26-17.35.56:218][  0]LogConfig: Setting CVar [[s.TimeLimitExceededMultiplier:1.5]]
[2019.09.26-17.35.56:218][  0]LogConfig: Setting CVar [[s.TimeLimitExceededMinTime:0.005]]
[2019.09.26-17.35.56:218][  0]LogConfig: Setting CVar [[s.UseBackgroundLevelStreaming:1]]
[2019.09.26-17.35.56:218][  0]LogConfig: Setting CVar [[s.PriorityAsyncLoadingExtraTime:15.0]]
[2019.09.26-17.35.56:218][  0]LogConfig: Setting CVar [[s.LevelStreamingActorsUpdateTimeLimit:5.0]]
[2019.09.26-17.35.56:218][  0]LogConfig: Setting CVar [[s.PriorityLevelStreamingActorsUpdateExtraTime:5.0]]
[2019.09.26-17.35.56:218][  0]LogConfig: Setting CVar [[s.LevelStreamingComponentsRegistrationGranularity:10]]
[2019.09.26-17.35.56:218][  0]LogConfig: Setting CVar [[s.UnregisterComponentsTimeLimit:1.0]]
[2019.09.26-17.35.56:218][  0]LogConfig: Setting CVar [[s.LevelStreamingComponentsUnregistrationGranularity:5]]
[2019.09.26-17.35.56:218][  0]LogConfig: Applying CVar settings from Section [/Script/Engine.GarbageCollectionSettings] File [C:/Users/tkivett/Documents/Unreal Projects/Kivett_Escape_Class/Saved/Config/Windows/Engine.ini]
[2019.09.26-17.35.56:218][  0]LogConfig: Setting CVar [[gc.MaxObjectsNotConsideredByGC:1]]
[2019.09.26-17.35.56:218][  0]LogConfig: Setting CVar [[gc.SizeOfPermanentObjectPool:0]]
[2019.09.26-17.35.56:218][  0]LogConfig: Setting CVar [[gc.FlushStreamingOnGC:0]]
[2019.09.26-17.35.56:218][  0]LogConfig: Setting CVar [[gc.NumRetriesBeforeForcingGC:10]]
[2019.09.26-17.35.56:218][  0]LogConfig: Setting CVar [[gc.AllowParallelGC:1]]
[2019.09.26-17.35.56:218][  0]LogConfig: Setting CVar [[gc.TimeBetweenPurgingPendingKillObjects:61.1]]
[2019.09.26-17.35.56:218][  0]LogConfig: Setting CVar [[gc.MaxObjectsInEditor:16777216]]
[2019.09.26-17.35.56:218][  0]LogConfig: Setting CVar [[gc.IncrementalBeginDestroyEnabled:1]]
[2019.09.26-17.35.56:218][  0]LogConfig: Setting CVar [[gc.CreateGCClusters:1]]
[2019.09.26-17.35.56:218][  0]LogConfig: Setting CVar [[gc.MinGCClusterSize:5]]
[2019.09.26-17.35.56:218][  0]LogConfig: Setting CVar [[gc.ActorClusteringEnabled:0]]
[2019.09.26-17.35.56:218][  0]LogConfig: Setting CVar [[gc.BlueprintClusteringEnabled:0]]
[2019.09.26-17.35.56:218][  0]LogConfig: Setting CVar [[gc.UseDisregardForGCOnDedicatedServers:0]]
[2019.09.26-17.35.56:218][  0]LogConfig: Applying CVar settings from Section [/Script/Engine.NetworkSettings] File [C:/Users/tkivett/Documents/Unreal Projects/Kivett_Escape_Class/Saved/Config/Windows/Engine.ini]
[2019.09.26-17.35.56:218][  0]LogConfig: Applying CVar settings from Section [/Script/UnrealEd.CookerSettings] File [C:/Users/tkivett/Documents/Unreal Projects/Kivett_Escape_Class/Saved/Config/Windows/Engine.ini]
[2019.09.26-17.35.56:220][  0]LogConfig: Applying CVar settings from Section [ViewDistanceQuality@3] File [C:/Users/tkivett/Documents/Unreal Projects/Kivett_Escape_Class/Saved/Config/Windows/Scalability.ini]
[2019.09.26-17.35.56:220][  0]LogConfig: Setting CVar [[r.SkeletalMeshLODBias:0]]
[2019.09.26-17.35.56:220][  0]LogConfig: Setting CVar [[r.ViewDistanceScale:1.0]]
[2019.09.26-17.35.56:220][  0]LogConfig: Applying CVar settings from Section [AntiAliasingQuality@3] File [C:/Users/tkivett/Documents/Unreal Projects/Kivett_Escape_Class/Saved/Config/Windows/Scalability.ini]
[2019.09.26-17.35.56:220][  0]LogConfig: Setting CVar [[r.PostProcessAAQuality:4]]
[2019.09.26-17.35.56:220][  0]LogConfig: Applying CVar settings from Section [ShadowQuality@3] File [C:/Users/tkivett/Documents/Unreal Projects/Kivett_Escape_Class/Saved/Config/Windows/Scalability.ini]
[2019.09.26-17.35.56:220][  0]LogConfig: Setting CVar [[r.LightFunctionQuality:1]]
[2019.09.26-17.35.56:220][  0]LogConfig: Setting CVar [[r.ShadowQuality:5]]
[2019.09.26-17.35.56:220][  0]LogConfig: Setting CVar [[r.Shadow.CSM.MaxCascades:10]]
[2019.09.26-17.35.56:220][  0]LogConfig: Setting CVar [[r.Shadow.MaxResolution:2048]]
[2019.09.26-17.35.56:220][  0]LogConfig: Setting CVar [[r.Shadow.MaxCSMResolution:2048]]
[2019.09.26-17.35.56:220][  0]LogConfig: Setting CVar [[r.Shadow.RadiusThreshold:0.01]]
[2019.09.26-17.35.56:221][  0]LogConfig: Setting CVar [[r.Shadow.DistanceScale:1.0]]
[2019.09.26-17.35.56:221][  0]LogConfig: Setting CVar [[r.Shadow.CSM.TransitionScale:1.0]]
[2019.09.26-17.35.56:221][  0]LogConfig: Setting CVar [[r.Shadow.PreShadowResolutionFactor:1.0]]
[2019.09.26-17.35.56:221][  0]LogConfig: Setting CVar [[r.DistanceFieldShadowing:1]]
[2019.09.26-17.35.56:221][  0]LogConfig: Setting CVar [[r.DistanceFieldAO:1]]
[2019.09.26-17.35.56:221][  0]LogConfig: Setting CVar [[r.AOQuality:2]]
[2019.09.26-17.35.56:221][  0]LogConfig: Setting CVar [[r.VolumetricFog:1]]
[2019.09.26-17.35.56:221][  0]LogConfig: Setting CVar [[r.VolumetricFog.GridPixelSize:8]]
[2019.09.26-17.35.56:221][  0]LogConfig: Setting CVar [[r.VolumetricFog.GridSizeZ:128]]
[2019.09.26-17.35.56:221][  0]LogConfig: Setting CVar [[r.VolumetricFog.HistoryMissSupersampleCount:4]]
[2019.09.26-17.35.56:221][  0]LogConfig: Setting CVar [[r.LightMaxDrawDistanceScale:1]]
[2019.09.26-17.35.56:221][  0]LogConfig: Setting CVar [[r.CapsuleShadows:1]]
[2019.09.26-17.35.56:221][  0]LogConfig: Applying CVar settings from Section [PostProcessQuality@3] File [C:/Users/tkivett/Documents/Unreal Projects/Kivett_Escape_Class/Saved/Config/Windows/Scalability.ini]
[2019.09.26-17.35.56:221][  0]LogConfig: Setting CVar [[r.MotionBlurQuality:4]]
[2019.09.26-17.35.56:221][  0]LogConfig: Setting CVar [[r.AmbientOcclusionMipLevelFactor:0.4]]
[2019.09.26-17.35.56:221][  0]LogConfig: Setting CVar [[r.AmbientOcclusionMaxQuality:100]]
[2019.09.26-17.35.56:221][  0]LogConfig: Setting CVar [[r.AmbientOcclusionLevels:-1]]
[2019.09.26-17.35.56:221][  0]LogConfig: Setting CVar [[r.AmbientOcclusionRadiusScale:1.0]]
[2019.09.26-17.35.56:221][  0]LogConfig: Setting CVar [[r.DepthOfFieldQuality:2]]
[2019.09.26-17.35.56:221][  0]LogConfig: Setting CVar [[r.RenderTargetPoolMin:400]]
[2019.09.26-17.35.56:221][  0]LogConfig: Setting CVar [[r.LensFlareQuality:2]]
[2019.09.26-17.35.56:221][  0]LogConfig: Setting CVar [[r.SceneColorFringeQuality:1]]
[2019.09.26-17.35.56:221][  0]LogConfig: Setting CVar [[r.EyeAdaptationQuality:2]]
[2019.09.26-17.35.56:221][  0]LogConfig: Setting CVar [[r.BloomQuality:5]]
[2019.09.26-17.35.56:221][  0]LogConfig: Setting CVar [[r.FastBlurThreshold:100]]
[2019.09.26-17.35.56:221][  0]LogConfig: Setting CVar [[r.Upscale.Quality:3]]
[2019.09.26-17.35.56:221][  0]LogConfig: Setting CVar [[r.Tonemapper.GrainQuantization:1]]
[2019.09.26-17.35.56:221][  0]LogConfig: Setting CVar [[r.LightShaftQuality:1]]
[2019.09.26-17.35.56:221][  0]LogConfig: Setting CVar [[r.Filter.SizeScale:1]]
[2019.09.26-17.35.56:221][  0]LogConfig: Setting CVar [[r.Tonemapper.Quality:5]]
[2019.09.26-17.35.56:221][  0]LogConfig: Setting CVar [[r.DOF.Gather.AccumulatorQuality:1        ; higher gathering accumulator quality]]
[2019.09.26-17.35.56:221][  0]LogConfig: Setting CVar [[r.DOF.Gather.PostfilterMethod:1          ; Median3x3 postfilering method]]
[2019.09.26-17.35.56:221][  0]LogConfig: Setting CVar [[r.DOF.Gather.EnableBokehSettings:0       ; no bokeh simulation when gathering]]
[2019.09.26-17.35.56:221][  0]LogConfig: Setting CVar [[r.DOF.Gather.RingCount:4                 ; medium number of samples when gathering]]
[2019.09.26-17.35.56:221][  0]LogConfig: Setting CVar [[r.DOF.Scatter.ForegroundCompositing:1    ; additive foreground scattering]]
[2019.09.26-17.35.56:221][  0]LogConfig: Setting CVar [[r.DOF.Scatter.BackgroundCompositing:2    ; additive background scattering]]
[2019.09.26-17.35.56:221][  0]LogConfig: Setting CVar [[r.DOF.Scatter.EnableBokehSettings:1      ; bokeh simulation when scattering]]
[2019.09.26-17.35.56:221][  0]LogConfig: Setting CVar [[r.DOF.Scatter.MaxSpriteRatio:0.1         ; only a maximum of 10% of scattered bokeh]]
[2019.09.26-17.35.56:221][  0]LogConfig: Setting CVar [[r.DOF.Recombine.Quality:1                ; cheap slight out of focus]]
[2019.09.26-17.35.56:221][  0]LogConfig: Setting CVar [[r.DOF.Recombine.EnableBokehSettings:0    ; no bokeh simulation on slight out of focus]]
[2019.09.26-17.35.56:221][  0]LogConfig: Setting CVar [[r.DOF.TemporalAAQuality:1                ; more stable temporal accumulation]]
[2019.09.26-17.35.56:221][  0]LogConfig: Setting CVar [[r.DOF.Kernel.MaxForegroundRadius:0.025]]
[2019.09.26-17.35.56:221][  0]LogConfig: Setting CVar [[r.DOF.Kernel.MaxBackgroundRadius:0.025]]
[2019.09.26-17.35.56:221][  0]LogConfig: Applying CVar settings from Section [TextureQuality@3] File [C:/Users/tkivett/Documents/Unreal Projects/Kivett_Escape_Class/Saved/Config/Windows/Scalability.ini]
[2019.09.26-17.35.56:221][  0]LogConfig: Setting CVar [[r.Streaming.MipBias:0]]
[2019.09.26-17.35.56:221][  0]LogConfig: Setting CVar [[r.Streaming.AmortizeCPUToGPUCopy:0]]
[2019.09.26-17.35.56:221][  0]LogConfig: Setting CVar [[r.Streaming.MaxNumTexturesToStreamPerFrame:0]]
[2019.09.26-17.35.56:221][  0]LogConfig: Setting CVar [[r.Streaming.Boost:1]]
[2019.09.26-17.35.56:221][  0]LogConfig: Setting CVar [[r.MaxAnisotropy:8]]
[2019.09.26-17.35.56:221][  0]LogConfig: Setting CVar [[r.Streaming.LimitPoolSizeToVRAM:0]]
[2019.09.26-17.35.56:221][  0]LogConfig: Setting CVar [[r.Streaming.PoolSize:1000]]
[2019.09.26-17.35.56:221][  0]LogConfig: Setting CVar [[r.Streaming.MaxEffectiveScreenSize:0]]
[2019.09.26-17.35.56:221][  0]LogConfig: Applying CVar settings from Section [EffectsQuality@3] File [C:/Users/tkivett/Documents/Unreal Projects/Kivett_Escape_Class/Saved/Config/Windows/Scalability.ini]
[2019.09.26-17.35.56:221][  0]LogConfig: Setting CVar [[r.TranslucencyLightingVolumeDim:64]]
[2019.09.26-17.35.56:221][  0]LogConfig: Setting CVar [[r.RefractionQuality:2]]
[2019.09.26-17.35.56:221][  0]LogConfig: Setting CVar [[r.SSR.Quality:3]]
[2019.09.26-17.35.56:221][  0]LogConfig: Setting CVar [[r.SceneColorFormat:4]]
[2019.09.26-17.35.56:221][  0]LogConfig: Setting CVar [[r.DetailMode:2]]
[2019.09.26-17.35.56:221][  0]LogConfig: Setting CVar [[r.TranslucencyVolumeBlur:1]]
[2019.09.26-17.35.56:221][  0]LogConfig: Setting CVar [[r.MaterialQualityLevel:1 ; High quality]]
[2019.09.26-17.35.56:221][  0]LogConfig: Setting CVar [[r.SSS.Scale:1]]
[2019.09.26-17.35.56:221][  0]LogConfig: Setting CVar [[r.SSS.SampleSet:2]]
[2019.09.26-17.35.56:221][  0]LogConfig: Setting CVar [[r.SSS.Quality:1]]
[2019.09.26-17.35.56:221][  0]LogConfig: Setting CVar [[r.SSS.HalfRes:1]]
[2019.09.26-17.35.56:221][  0]LogConfig: Setting CVar [[r.EmitterSpawnRateScale:1.0]]
[2019.09.26-17.35.56:221][  0]LogConfig: Setting CVar [[r.ParticleLightQuality:2]]
[2019.09.26-17.35.56:221][  0]LogConfig: Applying CVar settings from Section [FoliageQuality@3] File [C:/Users/tkivett/Documents/Unreal Projects/Kivett_Escape_Class/Saved/Config/Windows/Scalability.ini]
[2019.09.26-17.35.56:221][  0]LogConfig: Setting CVar [[foliage.DensityScale:1.0]]
[2019.09.26-17.35.56:221][  0]LogConfig: Setting CVar [[grass.DensityScale:1.0]]
[2019.09.26-17.35.56:221][  0]LogInit: Selected Device Profile: [Windows]
[2019.09.26-17.35.56:221][  0]LogInit: Applying CVar settings loaded from the selected device profile: [Windows]
[2019.09.26-17.35.56:226][  0]LogHAL: Display: Platform has ~ 32 GB [34301571072 / 34359738368 / 32], which maps to Largest [LargestMinGB=32, LargerMinGB=12, DefaultMinGB=8, SmallerMinGB=6, SmallestMinGB=0)
[2019.09.26-17.35.56:226][  0]LogInit: Going up to parent DeviceProfile []
[2019.09.26-17.35.56:226][  0]LogConfig: Applying CVar settings from Section [ViewDistanceQuality@3] File [C:/Users/tkivett/Documents/Unreal Projects/Kivett_Escape_Class/Saved/Config/Windows/Scalability.ini]
[2019.09.26-17.35.56:226][  0]LogConfig: Setting CVar [[r.SkeletalMeshLODBias:0]]
[2019.09.26-17.35.56:226][  0]LogConfig: Setting CVar [[r.ViewDistanceScale:1.0]]
[2019.09.26-17.35.56:226][  0]LogConfig: Applying CVar settings from Section [AntiAliasingQuality@3] File [C:/Users/tkivett/Documents/Unreal Projects/Kivett_Escape_Class/Saved/Config/Windows/Scalability.ini]
[2019.09.26-17.35.56:226][  0]LogConfig: Setting CVar [[r.PostProcessAAQuality:4]]
[2019.09.26-17.35.56:226][  0]LogConfig: Applying CVar settings from Section [ShadowQuality@3] File [C:/Users/tkivett/Documents/Unreal Projects/Kivett_Escape_Class/Saved/Config/Windows/Scalability.ini]
[2019.09.26-17.35.56:226][  0]LogConfig: Setting CVar [[r.LightFunctionQuality:1]]
[2019.09.26-17.35.56:226][  0]LogConfig: Setting CVar [[r.ShadowQuality:5]]
[2019.09.26-17.35.56:226][  0]LogConfig: Setting CVar [[r.Shadow.CSM.MaxCascades:10]]
[2019.09.26-17.35.56:226][  0]LogConfig: Setting CVar [[r.Shadow.MaxResolution:2048]]
[2019.09.26-17.35.56:226][  0]LogConfig: Setting CVar [[r.Shadow.MaxCSMResolution:2048]]
[2019.09.26-17.35.56:226][  0]LogConfig: Setting CVar [[r.Shadow.RadiusThreshold:0.01]]
[2019.09.26-17.35.56:226][  0]LogConfig: Setting CVar [[r.Shadow.DistanceScale:1.0]]
[2019.09.26-17.35.56:226][  0]LogConfig: Setting CVar [[r.Shadow.CSM.TransitionScale:1.0]]
[2019.09.26-17.35.56:226][  0]LogConfig: Setting CVar [[r.Shadow.PreShadowResolutionFactor:1.0]]
[2019.09.26-17.35.56:226][  0]LogConfig: Setting CVar [[r.DistanceFieldShadowing:1]]
[2019.09.26-17.35.56:226][  0]LogConfig: Setting CVar [[r.DistanceFieldAO:1]]
[2019.09.26-17.35.56:226][  0]LogConfig: Setting CVar [[r.AOQuality:2]]
[2019.09.26-17.35.56:226][  0]LogConfig: Setting CVar [[r.VolumetricFog:1]]
[2019.09.26-17.35.56:226][  0]LogConfig: Setting CVar [[r.VolumetricFog.GridPixelSize:8]]
[2019.09.26-17.35.56:226][  0]LogConfig: Setting CVar [[r.VolumetricFog.GridSizeZ:128]]
[2019.09.26-17.35.56:226][  0]LogConfig: Setting CVar [[r.VolumetricFog.HistoryMissSupersampleCount:4]]
[2019.09.26-17.35.56:226][  0]LogConfig: Setting CVar [[r.LightMaxDrawDistanceScale:1]]
[2019.09.26-17.35.56:227][  0]LogConfig: Setting CVar [[r.CapsuleShadows:1]]
[2019.09.26-17.35.56:227][  0]LogConfig: Applying CVar settings from Section [PostProcessQuality@3] File [C:/Users/tkivett/Documents/Unreal Projects/Kivett_Escape_Class/Saved/Config/Windows/Scalability.ini]
[2019.09.26-17.35.56:227][  0]LogConfig: Setting CVar [[r.MotionBlurQuality:4]]
[2019.09.26-17.35.56:227][  0]LogConfig: Setting CVar [[r.AmbientOcclusionMipLevelFactor:0.4]]
[2019.09.26-17.35.56:227][  0]LogConfig: Setting CVar [[r.AmbientOcclusionMaxQuality:100]]
[2019.09.26-17.35.56:227][  0]LogConfig: Setting CVar [[r.AmbientOcclusionLevels:-1]]
[2019.09.26-17.35.56:227][  0]LogConfig: Setting CVar [[r.AmbientOcclusionRadiusScale:1.0]]
[2019.09.26-17.35.56:227][  0]LogConfig: Setting CVar [[r.DepthOfFieldQuality:2]]
[2019.09.26-17.35.56:227][  0]LogConfig: Setting CVar [[r.RenderTargetPoolMin:400]]
[2019.09.26-17.35.56:227][  0]LogConfig: Setting CVar [[r.LensFlareQuality:2]]
[2019.09.26-17.35.56:227][  0]LogConfig: Setting CVar [[r.SceneColorFringeQuality:1]]
[2019.09.26-17.35.56:227][  0]LogConfig: Setting CVar [[r.EyeAdaptationQuality:2]]
[2019.09.26-17.35.56:227][  0]LogConfig: Setting CVar [[r.BloomQuality:5]]
[2019.09.26-17.35.56:227][  0]LogConfig: Setting CVar [[r.FastBlurThreshold:100]]
[2019.09.26-17.35.56:227][  0]LogConfig: Setting CVar [[r.Upscale.Quality:3]]
[2019.09.26-17.35.56:227][  0]LogConfig: Setting CVar [[r.Tonemapper.GrainQuantization:1]]
[2019.09.26-17.35.56:227][  0]LogConfig: Setting CVar [[r.LightShaftQuality:1]]
[2019.09.26-17.35.56:227][  0]LogConfig: Setting CVar [[r.Filter.SizeScale:1]]
[2019.09.26-17.35.56:227][  0]LogConfig: Setting CVar [[r.Tonemapper.Quality:5]]
[2019.09.26-17.35.56:227][  0]LogConfig: Setting CVar [[r.DOF.Gather.AccumulatorQuality:1        ; higher gathering accumulator quality]]
[2019.09.26-17.35.56:227][  0]LogConfig: Setting CVar [[r.DOF.Gather.PostfilterMethod:1          ; Median3x3 postfilering method]]
[2019.09.26-17.35.56:227][  0]LogConfig: Setting CVar [[r.DOF.Gather.EnableBokehSettings:0       ; no bokeh simulation when gathering]]
[2019.09.26-17.35.56:227][  0]LogConfig: Setting CVar [[r.DOF.Gather.RingCount:4                 ; medium number of samples when gathering]]
[2019.09.26-17.35.56:227][  0]LogConfig: Setting CVar [[r.DOF.Scatter.ForegroundCompositing:1    ; additive foreground scattering]]
[2019.09.26-17.35.56:227][  0]LogConfig: Setting CVar [[r.DOF.Scatter.BackgroundCompositing:2    ; additive background scattering]]
[2019.09.26-17.35.56:227][  0]LogConfig: Setting CVar [[r.DOF.Scatter.EnableBokehSettings:1      ; bokeh simulation when scattering]]
[2019.09.26-17.35.56:227][  0]LogConfig: Setting CVar [[r.DOF.Scatter.MaxSpriteRatio:0.1         ; only a maximum of 10% of scattered bokeh]]
[2019.09.26-17.35.56:227][  0]LogConfig: Setting CVar [[r.DOF.Recombine.Quality:1                ; cheap slight out of focus]]
[2019.09.26-17.35.56:227][  0]LogConfig: Setting CVar [[r.DOF.Recombine.EnableBokehSettings:0    ; no bokeh simulation on slight out of focus]]
[2019.09.26-17.35.56:227][  0]LogConfig: Setting CVar [[r.DOF.TemporalAAQuality:1                ; more stable temporal accumulation]]
[2019.09.26-17.35.56:227][  0]LogConfig: Setting CVar [[r.DOF.Kernel.MaxForegroundRadius:0.025]]
[2019.09.26-17.35.56:227][  0]LogConfig: Setting CVar [[r.DOF.Kernel.MaxBackgroundRadius:0.025]]
[2019.09.26-17.35.56:227][  0]LogConfig: Applying CVar settings from Section [TextureQuality@3] File [C:/Users/tkivett/Documents/Unreal Projects/Kivett_Escape_Class/Saved/Config/Windows/Scalability.ini]
[2019.09.26-17.35.56:227][  0]LogConfig: Setting CVar [[r.Streaming.MipBias:0]]
[2019.09.26-17.35.56:227][  0]LogConfig: Setting CVar [[r.Streaming.AmortizeCPUToGPUCopy:0]]
[2019.09.26-17.35.56:227][  0]LogConfig: Setting CVar [[r.Streaming.MaxNumTexturesToStreamPerFrame:0]]
[2019.09.26-17.35.56:227][  0]LogConfig: Setting CVar [[r.Streaming.Boost:1]]
[2019.09.26-17.35.56:227][  0]LogConfig: Setting CVar [[r.MaxAnisotropy:8]]
[2019.09.26-17.35.56:227][  0]LogConfig: Setting CVar [[r.Streaming.LimitPoolSizeToVRAM:0]]
[2019.09.26-17.35.56:227][  0]LogConfig: Setting CVar [[r.Streaming.PoolSize:1000]]
[2019.09.26-17.35.56:227][  0]LogConfig: Setting CVar [[r.Streaming.MaxEffectiveScreenSize:0]]
[2019.09.26-17.35.56:227][  0]LogConfig: Applying CVar settings from Section [EffectsQuality@3] File [C:/Users/tkivett/Documents/Unreal Projects/Kivett_Escape_Class/Saved/Config/Windows/Scalability.ini]
[2019.09.26-17.35.56:227][  0]LogConfig: Setting CVar [[r.TranslucencyLightingVolumeDim:64]]
[2019.09.26-17.35.56:227][  0]LogConfig: Setting CVar [[r.RefractionQuality:2]]
[2019.09.26-17.35.56:227][  0]LogConfig: Setting CVar [[r.SSR.Quality:3]]
[2019.09.26-17.35.56:227][  0]LogConfig: Setting CVar [[r.SceneColorFormat:4]]
[2019.09.26-17.35.56:227][  0]LogConfig: Setting CVar [[r.DetailMode:2]]
[2019.09.26-17.35.56:227][  0]LogConfig: Setting CVar [[r.TranslucencyVolumeBlur:1]]
[2019.09.26-17.35.56:227][  0]LogConfig: Setting CVar [[r.MaterialQualityLevel:1 ; High quality]]
[2019.09.26-17.35.56:227][  0]LogConfig: Setting CVar [[r.SSS.Scale:1]]
[2019.09.26-17.35.56:227][  0]LogConfig: Setting CVar [[r.SSS.SampleSet:2]]
[2019.09.26-17.35.56:227][  0]LogConfig: Setting CVar [[r.SSS.Quality:1]]
[2019.09.26-17.35.56:227][  0]LogConfig: Setting CVar [[r.SSS.HalfRes:1]]
[2019.09.26-17.35.56:227][  0]LogConfig: Setting CVar [[r.EmitterSpawnRateScale:1.0]]
[2019.09.26-17.35.56:227][  0]LogConfig: Setting CVar [[r.ParticleLightQuality:2]]
[2019.09.26-17.35.56:227][  0]LogConfig: Applying CVar settings from Section [FoliageQuality@3] File [C:/Users/tkivett/Documents/Unreal Projects/Kivett_Escape_Class/Saved/Config/Windows/Scalability.ini]
[2019.09.26-17.35.56:227][  0]LogConfig: Setting CVar [[foliage.DensityScale:1.0]]
[2019.09.26-17.35.56:227][  0]LogConfig: Setting CVar [[grass.DensityScale:1.0]]
[2019.09.26-17.35.56:227][  0]LogConfig: Applying CVar settings from Section [Startup] File [../../../Engine/Config/ConsoleVariables.ini]
[2019.09.26-17.35.56:228][  0]LogConfig: Setting CVar [[net.UseAdaptiveNetUpdateFrequency:0]]
[2019.09.26-17.35.56:228][  0]LogConfig: Setting CVar [[p.chaos.AllowCreatePhysxBodies:1]]
[2019.09.26-17.35.56:228][  0]LogConfig: Applying CVar settings from Section [ConsoleVariables] File [C:/Users/tkivett/Documents/Unreal Projects/Kivett_Escape_Class/Saved/Config/Windows/Engine.ini]
[2019.09.26-17.35.56:228][  0]LogInit: Computer: NQSCGL-MSI-16
[2019.09.26-17.35.56:228][  0]LogInit: User: tkivett
[2019.09.26-17.35.56:228][  0]LogInit: CPU Page size=4096, Cores=4
[2019.09.26-17.35.56:228][  0]LogInit: High frequency timer resolution =10.000000 MHz
[2019.09.26-17.35.56:229][  0]LogMemory: Memory total: Physical=31.9GB (32GB approx)
[2019.09.26-17.35.56:229][  0]LogMemory: Platform Memory Stats for Windows
[2019.09.26-17.35.56:229][  0]LogMemory: Process Physical Memory: 104.13 MB used, 104.14 MB peak
[2019.09.26-17.35.56:229][  0]LogMemory: Process Virtual Memory: 124.50 MB used, 124.50 MB peak
[2019.09.26-17.35.56:229][  0]LogMemory: Physical Memory: 6200.12 MB used,  26512.41 MB free, 32712.53 MB total
[2019.09.26-17.35.56:229][  0]LogMemory: Virtual Memory: 4693.07 MB used,  134213032.00 MB free, 134217728.00 MB total
[2019.09.26-17.35.56:240][  0]LogWindows: WindowsPlatformFeatures enabled
[2019.09.26-17.35.56:842][  0]LogInit: Using OS detected language (en-US).
[2019.09.26-17.35.56:842][  0]LogInit: Using OS detected locale (en-US).
[2019.09.26-17.35.56:843][  0]LogTextLocalizationManager: No specific localization for 'en-US' exists, so the 'en' localization will be used.
[2019.09.26-17.35.57:348][  0]LogInit: Setting process to per monitor DPI aware
[2019.09.26-17.35.57:560][  0]LogSlate: New Slate User Created.  User Index 0, Is Virtual User: 0
[2019.09.26-17.35.57:560][  0]LogSlate: Slate User Registered.  User Index 0, Is Virtual User: 0
[2019.09.26-17.35.58:669][  0]LogHMD: Failed to initialize OpenVR with code 110
[2019.09.26-17.35.58:669][  0]LogD3D11RHI: D3D11 adapters:
[2019.09.26-17.35.58:762][  0]LogD3D11RHI:    0. 'NVIDIA GeForce GTX 1070' (Feature Level 11_0)
[2019.09.26-17.35.58:762][  0]LogD3D11RHI:       8088/0/16356 MB DedicatedVideo/DedicatedSystem/SharedSystem, Outputs:1, VendorId:0x10de
[2019.09.26-17.35.58:764][  0]LogD3D11RHI:    1. 'Microsoft Basic Render Driver' (Feature Level 11_0)
[2019.09.26-17.35.58:764][  0]LogD3D11RHI:       0/0/16356 MB DedicatedVideo/DedicatedSystem/SharedSystem, Outputs:0, VendorId:0x1414
[2019.09.26-17.35.58:764][  0]LogD3D11RHI: Chosen D3D11 Adapter: 0
[2019.09.26-17.35.58:770][  0]LogD3D11RHI: Creating new Direct3DDevice
[2019.09.26-17.35.58:770][  0]LogD3D11RHI:     GPU DeviceId: 0x1b81 (for the marketing name, search the web for "GPU Device Id")
[2019.09.26-17.35.58:770][  0]LogWindows: EnumDisplayDevices:
[2019.09.26-17.35.58:770][  0]LogWindows:    0. 'NVIDIA GeForce GTX 1070' (P:1 D:1)
[2019.09.26-17.35.58:770][  0]LogWindows:    1. 'NVIDIA GeForce GTX 1070' (P:0 D:0)
[2019.09.26-17.35.58:771][  0]LogWindows:    2. 'NVIDIA GeForce GTX 1070' (P:0 D:0)
[2019.09.26-17.35.58:771][  0]LogWindows:    3. 'NVIDIA GeForce GTX 1070' (P:0 D:0)
[2019.09.26-17.35.58:771][  0]LogWindows: DebugString: FoundDriverCount:4 
[2019.09.26-17.35.58:771][  0]LogD3D11RHI:     Adapter Name: NVIDIA GeForce GTX 1070
[2019.09.26-17.35.58:771][  0]LogD3D11RHI:   Driver Version: 430.86 (internal:26.21.14.3086, unified:430.86)
[2019.09.26-17.35.58:771][  0]LogD3D11RHI:      Driver Date: 5-22-2019
[2019.09.26-17.35.58:771][  0]LogRHI: Texture pool is 5661 MB (70% of 8088 MB)
[2019.09.26-17.35.58:834][  0]LogD3D11RHI: Async texture creation enabled
[2019.09.26-17.35.58:846][  0]LogD3D11RHI: GPU Timing Frequency: 1000.000000 (Debug: 2 1)
[2019.09.26-17.35.59:713][  0]LogTemp: Display: Module 'AllDesktopTargetPlatform' loaded TargetPlatform 'AllDesktop'
[2019.09.26-17.35.59:744][  0]LogTemp: Display: Module 'MacClientTargetPlatform' loaded TargetPlatform 'MacClient'
[2019.09.26-17.35.59:839][  0]LogTemp: Display: Module 'MacNoEditorTargetPlatform' loaded TargetPlatform 'MacNoEditor'
[2019.09.26-17.35.59:931][  0]LogTemp: Display: Module 'MacServerTargetPlatform' loaded TargetPlatform 'MacServer'
[2019.09.26-17.36.00:026][  0]LogTemp: Display: Module 'MacTargetPlatform' loaded TargetPlatform 'Mac'
[2019.09.26-17.36.00:058][  0]LogTemp: Display: Module 'WindowsClientTargetPlatform' loaded TargetPlatform 'WindowsClient'
[2019.09.26-17.36.00:091][  0]LogTemp: Display: Module 'WindowsNoEditorTargetPlatform' loaded TargetPlatform 'WindowsNoEditor'
[2019.09.26-17.36.00:180][  0]LogTemp: Display: Module 'WindowsServerTargetPlatform' loaded TargetPlatform 'WindowsServer'
[2019.09.26-17.36.00:210][  0]LogTemp: Display: Module 'WindowsTargetPlatform' loaded TargetPlatform 'Windows'
[2019.09.26-17.36.00:326][  0]LogTemp: Display: Module 'AndroidTargetPlatform' loaded TargetPlatform 'Android'
[2019.09.26-17.36.00:326][  0]LogTemp: Display: Module 'AndroidTargetPlatform' loaded TargetPlatform 'Android_ASTC'
[2019.09.26-17.36.00:326][  0]LogTemp: Display: Module 'AndroidTargetPlatform' loaded TargetPlatform 'Android_ATC'
[2019.09.26-17.36.00:326][  0]LogTemp: Display: Module 'AndroidTargetPlatform' loaded TargetPlatform 'Android_DXT'
[2019.09.26-17.36.00:326][  0]LogTemp: Display: Module 'AndroidTargetPlatform' loaded TargetPlatform 'Android_ETC1'
[2019.09.26-17.36.00:326][  0]LogTemp: Display: Module 'AndroidTargetPlatform' loaded TargetPlatform 'Android_ETC1a'
[2019.09.26-17.36.00:326][  0]LogTemp: Display: Module 'AndroidTargetPlatform' loaded TargetPlatform 'Android_ETC2'
[2019.09.26-17.36.00:326][  0]LogTemp: Display: Module 'AndroidTargetPlatform' loaded TargetPlatform 'Android_PVRTC'
[2019.09.26-17.36.00:326][  0]LogTemp: Display: Module 'AndroidTargetPlatform' loaded TargetPlatform 'AndroidClient'
[2019.09.26-17.36.00:326][  0]LogTemp: Display: Module 'AndroidTargetPlatform' loaded TargetPlatform 'Android_ASTCClient'
[2019.09.26-17.36.00:326][  0]LogTemp: Display: Module 'AndroidTargetPlatform' loaded TargetPlatform 'Android_ATCClient'
[2019.09.26-17.36.00:326][  0]LogTemp: Display: Module 'AndroidTargetPlatform' loaded TargetPlatform 'Android_DXTClient'
[2019.09.26-17.36.00:326][  0]LogTemp: Display: Module 'AndroidTargetPlatform' loaded TargetPlatform 'Android_ETC1Client'
[2019.09.26-17.36.00:326][  0]LogTemp: Display: Module 'AndroidTargetPlatform' loaded TargetPlatform 'Android_ETC1aClient'
[2019.09.26-17.36.00:326][  0]LogTemp: Display: Module 'AndroidTargetPlatform' loaded TargetPlatform 'Android_ETC2Client'
[2019.09.26-17.36.00:326][  0]LogTemp: Display: Module 'AndroidTargetPlatform' loaded TargetPlatform 'Android_PVRTCClient'
[2019.09.26-17.36.00:326][  0]LogTemp: Display: Module 'AndroidTargetPlatform' loaded TargetPlatform 'Android_Multi'
[2019.09.26-17.36.00:326][  0]LogTemp: Display: Module 'AndroidTargetPlatform' loaded TargetPlatform 'Android_MultiClient'
[2019.09.26-17.36.00:354][  0]LogTemp: Display: Module 'HTML5TargetPlatform' loaded TargetPlatform 'HTML5'
[2019.09.26-17.36.00:571][  0]LogTemp: Display: Module 'IOSTargetPlatform' loaded TargetPlatform 'IOSClient'
[2019.09.26-17.36.00:571][  0]LogTemp: Display: Module 'IOSTargetPlatform' loaded TargetPlatform 'IOS'
[2019.09.26-17.36.00:666][  0]LogTemp: Display: Module 'TVOSTargetPlatform' loaded TargetPlatform 'TVOSClient'
[2019.09.26-17.36.00:666][  0]LogTemp: Display: Module 'TVOSTargetPlatform' loaded TargetPlatform 'TVOS'
[2019.09.26-17.36.00:695][  0]LogTemp: Display: Module 'LinuxClientTargetPlatform' loaded TargetPlatform 'LinuxClient'
[2019.09.26-17.36.00:727][  0]LogTemp: Display: Module 'LinuxNoEditorTargetPlatform' loaded TargetPlatform 'LinuxNoEditor'
[2019.09.26-17.36.00:821][  0]LogTemp: Display: Module 'LinuxServerTargetPlatform' loaded TargetPlatform 'LinuxServer'
[2019.09.26-17.36.00:926][  0]LogTemp: Display: Module 'LinuxTargetPlatform' loaded TargetPlatform 'Linux'
[2019.09.26-17.36.00:973][  0]LogTemp: Display: Module 'LuminTargetPlatform' loaded TargetPlatform 'Lumin'
[2019.09.26-17.36.00:973][  0]LogTemp: Display: Module 'LuminTargetPlatform' loaded TargetPlatform 'LuminClient'
[2019.09.26-17.36.00:973][  0]LogTargetPlatformManager: Display: Building Assets For Windows
[2019.09.26-17.36.01:197][  0]LogAudioDebug: Display: Lib vorbis DLL was dynamically loaded.
[2019.09.26-17.36.02:233][  0]LogShaderCompilers: Guid format shader working directory is -30 characters bigger than the processId version (../../../../../../Users/tkivett/Documents/Unreal Projects/Kivett_Escape_Class/Intermediate/Shaders/WorkingDirectory/11072/).
[2019.09.26-17.36.02:233][  0]LogShaderCompilers: Cleaned the shader compiler working directory 'C:/Users/tkivett/AppData/Local/Temp/UnrealShaderWorkingDir/72B2AC004D0177832871C2A2E9988EBF/'.
[2019.09.26-17.36.02:235][  0]LogXGEController: Cleaning working directory: C:/Users/tkivett/AppData/Local/Temp/UnrealXGEWorkingDir/
[2019.09.26-17.36.02:236][  0]LogXGEController: Cannot use XGE Controller as Incredibuild is not installed on this machine.
[2019.09.26-17.36.02:236][  0]LogShaderCompilers: Cannot use XGE Shader Compiler as Incredibuild is not installed on this machine.
[2019.09.26-17.36.02:236][  0]LogShaderCompilers: Display: Using Local Shader Compiler.
[2019.09.26-17.36.03:085][  0]LogDerivedDataCache: Display: Max Cache Size: 512 MB
[2019.09.26-17.36.03:716][  0]LogDerivedDataCache: Loaded boot cache 0.63s 73MB C:/Users/tkivett/AppData/Local/UnrealEngine/4.23/DerivedDataCache/Boot.ddc.
[2019.09.26-17.36.03:716][  0]LogDerivedDataCache: Display: Loaded Boot cache: C:/Users/tkivett/AppData/Local/UnrealEngine/4.23/DerivedDataCache/Boot.ddc
[2019.09.26-17.36.03:716][  0]LogDerivedDataCache: FDerivedDataBackendGraph:  Pak pak cache file ../../../../../../Users/tkivett/Documents/Unreal Projects/Kivett_Escape_Class/DerivedDataCache/DDC.ddp not found, will not use a pak cache.
[2019.09.26-17.36.03:716][  0]LogDerivedDataCache: Unable to find inner node Pak for hierarchical cache Hierarchy.
[2019.09.26-17.36.03:716][  0]LogDerivedDataCache: FDerivedDataBackendGraph:  CompressedPak pak cache file ../../../../../../Users/tkivett/Documents/Unreal Projects/Kivett_Escape_Class/DerivedDataCache/Compressed.ddp not found, will not use a pak cache.
[2019.09.26-17.36.03:716][  0]LogDerivedDataCache: Unable to find inner node CompressedPak for hierarchical cache Hierarchy.
[2019.09.26-17.36.03:758][  0]LogDerivedDataCache: Display: Pak cache opened for reading ../../../Engine/DerivedDataCache/Compressed.ddp.
[2019.09.26-17.36.03:758][  0]LogDerivedDataCache: FDerivedDataBackendGraph:  EnterprisePak pak cache file ../../../Enterprise/DerivedDataCache/Compressed.ddp not found, will not use a pak cache.
[2019.09.26-17.36.03:758][  0]LogDerivedDataCache: Unable to find inner node EnterprisePak for hierarchical cache Hierarchy.
[2019.09.26-17.36.03:759][  0]LogDerivedDataCache: Using Local data cache path C:/Users/tkivett/AppData/Local/UnrealEngine/Common/DerivedDataCache: Writable
[2019.09.26-17.36.03:759][  0]LogDerivedDataCache: Shared data cache path not found in *engine.ini, will not use an Shared cache.
[2019.09.26-17.36.03:759][  0]LogDerivedDataCache: Unable to find inner node Shared for hierarchical cache Hierarchy.
[2019.09.26-17.36.03:778][  0]LogMaterial: Verifying Global Shaders for PCD3D_SM5
[2019.09.26-17.36.03:781][  0]LogSlate: Using FreeType 2.6.0
[2019.09.26-17.36.03:808][  0]LogSlate: SlateFontServices - WITH_FREETYPE: 1, WITH_HARFBUZZ: 1
[2019.09.26-17.36.05:436][  0]LogAssetRegistry: FAssetRegistry took 0.0021 seconds to start up
[2019.09.26-17.36.05:717][  0]LogInit: Selected Device Profile: [Windows]
[2019.09.26-17.36.06:476][  0]LogMeshReduction: Using QuadricMeshReduction for automatic static mesh reduction
[2019.09.26-17.36.06:476][  0]LogMeshReduction: Using SimplygonMeshReduction for automatic skeletal mesh reduction
[2019.09.26-17.36.06:476][  0]LogMeshReduction: Using ProxyLODMeshReduction for automatic mesh merging
[2019.09.26-17.36.06:476][  0]LogMeshReduction: No distributed automatic mesh merging module available
[2019.09.26-17.36.06:476][  0]LogMeshMerging: No distributed automatic mesh merging module available
[2019.09.26-17.36.06:608][  0]LogNetVersion: Kivett_Escape_Class 1.0.0, NetCL: 8386587, EngineNetVer: 11, GameNetVer: 0 (Checksum: 4099637301)
[2019.09.26-17.36.07:749][  0]LogPackageLocalizationCache: Processed 12 localized package path(s) for 1 prioritized culture(s) in 0.041695 seconds
[2019.09.26-17.36.07:755][  0]LogUObjectArray: 43444 objects as part of root set at end of initial load.
[2019.09.26-17.36.07:755][  0]LogUObjectAllocator: 7548648 out of 0 bytes used by permanent object pool.
[2019.09.26-17.36.07:755][  0]LogUObjectArray: CloseDisregardForGC: 0/0 objects in disregard for GC pool
[2019.09.26-17.36.16:823][  0]LogTcpMessaging: Initializing TcpMessaging bridge
[2019.09.26-17.36.16:912][  0]LogUdpMessaging: Initializing bridge on interface 0.0.0.0:0 to multicast group 230.0.0.1:6666.
[2019.09.26-17.36.18:747][  0]SourceControl: Source control is disabled
[2019.09.26-17.36.18:747][  0]SourceControl: Source control is disabled
[2019.09.26-17.36.18:796][  0]SourceControl: Source control is disabled
[2019.09.26-17.36.18:882][  0]SourceControl: Source control is disabled
[2019.09.26-17.36.19:082][  0]LogVSAccessor: Display: Unable to create Visual Studio setup instance: 80040154
[2019.09.26-17.36.19:083][  0]LogVSAccessor: Display: Unable to create Visual Studio setup instance: 80040154
[2019.09.26-17.36.21:311][  0]LogAndroidPermission: UAndroidPermissionCallbackProxy::GetInstance
[2019.09.26-17.36.22:605][  0]LogOcInput: OculusInput pre-init called
[2019.09.26-17.36.22:660][  0]LogWindows: Failed to load 'OVRPlugin.dll' (GetLastError=126)
[2019.09.26-17.36.22:660][  0]LogWindows: File 'OVRPlugin.dll' does not exist
[2019.09.26-17.36.22:943][  0]LogEngine: Initializing Engine...
[2019.09.26-17.36.22:944][  0]LogHMD: Failed to initialize OpenVR with code 110
[2019.09.26-17.36.22:945][  0]LogStats: UGameplayTagsManager::InitializeManager -  0.000 s
[2019.09.26-17.36.23:346][  0]LogInit: Initializing FReadOnlyCVARCache
[2019.09.26-17.36.23:554][  0]LogAIModule: Creating AISystem for world Untitled
[2019.09.26-17.36.23:588][  0]LogInit: XAudio2 using 'Speakers (USB Audio DAC   )' : 2 channels at 48 kHz using 16 bits per sample (channel mask 0x3)
[2019.09.26-17.36.23:634][  0]LogInit: FAudioDevice initialized.
[2019.09.26-17.36.23:634][  0]LogNetVersion: Set ProjectVersion to 1.0.0.0. Version Checksum will be recalculated on next use.
[2019.09.26-17.36.23:737][  0]LogDerivedDataCache: Saved boot cache 0.10s 73MB C:/Users/tkivett/AppData/Local/UnrealEngine/4.23/DerivedDataCache/Boot.ddc.
[2019.09.26-17.36.23:741][  0]LogInit: Texture streaming: Enabled
[2019.09.26-17.36.23:973][  0]LogEngineSessionManager: EngineSessionManager initialized
[2019.09.26-17.36.24:070][  0]LogInit: Transaction tracking system initialized
[2019.09.26-17.36.24:507][  0]BlueprintLog: New page: Editor Load
[2019.09.26-17.36.25:364][  0]LocalizationService: Localization service is disabled
[2019.09.26-17.36.26:301][  0]LogVSAccessor: Display: Unable to create Visual Studio setup instance: 80040154
[2019.09.26-17.36.26:302][  0]LogVSAccessor: Display: Unable to create Visual Studio setup instance: 80040154
[2019.09.26-17.36.26:887][  0]LogFileCache: Scanning file cache for directory 'C:/Users/tkivett/Documents/Unreal Projects/Kivett_Escape_Class/Content/' took 0.00s
[2019.09.26-17.36.26:887][  0]LogCook: Display: Max memory allowance for cook 16384mb min free memory 0mb
[2019.09.26-17.36.26:887][  0]LogCook: Display: Mobile HDR setting 1
[2019.09.26-17.36.29:446][  0]SourceControl: Source control is disabled
[2019.09.26-17.36.29:446][  0]Cmd: MAP LOAD FILE="../../../../../../Users/tkivett/Documents/Unreal Projects/Kivett_Escape_Class/Content/FirstPersonBP/Maps/FirstPersonExampleMap.umap" TEMPLATE=0 SHOWPROGRESS=1 FEATURELEVEL=3
[2019.09.26-17.36.29:447][  0]LightingResults: New page: Lighting Build
[2019.09.26-17.36.29:449][  0]LogWorld: UWorld::CleanupWorld for Untitled, bSessionEnded=true, bCleanupResources=true
[2019.09.26-17.36.29:450][  0]MapCheck: New page: Map Check
[2019.09.26-17.36.29:450][  0]LightingResults: New page: Lighting Build
[2019.09.26-17.36.29:473][  0]LogUObjectHash: Compacting FUObjectHashTables data took   1.51ms
[2019.09.26-17.36.31:183][  0]LogAIModule: Creating AISystem for world FirstPersonExampleMap
[2019.09.26-17.36.31:385][  0]LogEditorServer: Finished looking for orphan Actors (0.000 secs)
[2019.09.26-17.36.31:409][  0]LogUObjectHash: Compacting FUObjectHashTables data took   1.90ms
[2019.09.26-17.36.31:410][  0]Cmd: MAP CHECKDEP NOCLEARLOG
[2019.09.26-17.36.31:410][  0]MapCheck: Map check complete: 0 Error(s), 0 Warning(s), took 0.166ms to complete.
[2019.09.26-17.36.31:410][  0]LogFileHelpers: Loading map 'FirstPersonExampleMap' took 1.963
[2019.09.26-17.36.31:536][  0]LogSlate: Updating window title bar state: overlay mode, drag disabled, window buttons hidden, title bar hidden
[2019.09.26-17.36.31:541][  0]LogSlate: Updating window title bar state: overlay mode, drag disabled, window buttons hidden, title bar hidden
[2019.09.26-17.36.31:547][  0]LogSlate: Updating window title bar state: overlay mode, drag disabled, window buttons hidden, title bar hidden
[2019.09.26-17.36.31:553][  0]LogSlate: Updating window title bar state: overlay mode, drag disabled, window buttons hidden, title bar hidden
[2019.09.26-17.36.31:582][  0]LogCollectionManager: Loaded 0 collections in 0.001885 seconds
[2019.09.26-17.36.31:588][  0]LogFileCache: Scanning file cache for directory 'C:/Users/tkivett/Documents/Unreal Projects/Kivett_Escape_Class/Saved/Collections/' took 0.00s
[2019.09.26-17.36.31:588][  0]LogFileCache: Scanning file cache for directory 'C:/Users/tkivett/Documents/Unreal Projects/Kivett_Escape_Class/Content/Developers/tkivett/Collections/' took 0.00s
[2019.09.26-17.36.31:588][  0]LogFileCache: Scanning file cache for directory 'C:/Users/tkivett/Documents/Unreal Projects/Kivett_Escape_Class/Content/Collections/' took 0.00s
[2019.09.26-17.36.31:588][  0]LogCollectionManager: Rebuilt the GUID cache for 0 collections in 0.000002 seconds
[2019.09.26-17.36.31:595][  0]LogContentBrowser: Native class hierarchy populated in 0.0065 seconds. Added 2863 classes and 680 folders.
[2019.09.26-17.36.31:601][  0]LogContentBrowser: Native class hierarchy updated for 'WidgetCarousel' in 0.0002 seconds. Added 0 classes and 0 folders.
[2019.09.26-17.36.31:900][  0]LogContentBrowser: Native class hierarchy updated for 'AddContentDialog' in 0.0002 seconds. Added 0 classes and 0 folders.
[2019.09.26-17.36.31:937][  0]LogContentBrowser: Native class hierarchy updated for 'SceneOutliner' in 0.0002 seconds. Added 1 classes and 2 folders.
[2019.09.26-17.36.31:993][  0]LogSlate: Took 0.021417 seconds to synchronously load lazily loaded font '../../../Engine/Content/Slate/Fonts/Roboto-Regular.ttf' (155K)
[2019.09.26-17.36.32:012][  0]LogSlate: Took 0.017905 seconds to synchronously load lazily loaded font '../../../Engine/Content/Slate/Fonts/Roboto-Bold.ttf' (160K)
[2019.09.26-17.36.32:053][  0]LogSlate: Took 0.020954 seconds to synchronously load lazily loaded font '../../../Engine/Content/Editor/Slate/Fonts/FontAwesome.ttf' (139K)
[2019.09.26-17.36.32:166][  0]LogRenderer: Reallocating scene render targets to support 948x592 Format 10 NumSamples 1 (Frame:1).
[2019.09.26-17.36.32:322][  0]LogContentBrowser: Native class hierarchy updated for 'HierarchicalLODOutliner' in 0.0002 seconds. Added 0 classes and 0 folders.
[2019.09.26-17.36.32:322][  0]LogLoad: (Engine Initialization) Total time: 41.64 seconds
[2019.09.26-17.36.32:322][  0]LogLoad: (Engine Initialization) Total Blueprint compile time: 0.00 seconds
[2019.09.26-17.36.32:379][  0]LogContentStreaming: Texture pool size now 1000 MB
[2019.09.26-17.36.32:444][  0]LogSlate: Took 0.009882 seconds to synchronously load lazily loaded font '../../../Engine/Content/Slate/Fonts/Roboto-Light.ttf' (167K)
[2019.09.26-17.36.34:431][ 29]LogAssetRegistry: Asset discovery search completed in 28.9959 seconds
[2019.09.26-17.36.34:433][ 29]LogCollectionManager: Rebuilt the object cache for 0 collections in 0.000006 seconds (found 0 objects)
[2019.09.26-17.36.34:433][ 29]LogCollectionManager: Fixed up redirectors for 0 collections in 0.000037 seconds (updated 0 objects)
[2019.09.26-17.36.51:806][109]LogSlate: FSceneViewport::OnFocusLost() reason 0
[2019.09.26-17.36.51:914][122]LogTemp: Repeating last play command: Selected Viewport
[2019.09.26-17.36.51:920][122]LogBlueprintUserMessages: Early PlayInEditor Detection: Level '/Game/FirstPersonBP/Maps/FirstPersonExampleMap.FirstPersonExampleMap:PersistentLevel' has LevelScriptBlueprint '/Game/FirstPersonBP/Maps/FirstPersonExampleMap.FirstPersonExampleMap:PersistentLevel.FirstPersonExampleMap' with GeneratedClass '/Game/FirstPersonBP/Maps/FirstPersonExampleMap.FirstPersonExampleMap_C' with ClassGeneratedBy '/Game/FirstPersonBP/Maps/FirstPersonExampleMap.FirstPersonExampleMap:PersistentLevel.FirstPersonExampleMap'
[2019.09.26-17.36.51:920][122]LogPlayLevel: PlayLevel: No blueprints needed recompiling
[2019.09.26-17.36.51:977][122]PIE: New page: PIE session: FirstPersonExampleMap (Sep 26, 2019, 9:36:51 AM)
[2019.09.26-17.36.51:978][122]LogOnline: OSS: Creating online subsystem instance for: NULL
[2019.09.26-17.36.51:979][122]LogPlayLevel: Creating play world package: /Game/FirstPersonBP/Maps/UEDPIE_0_FirstPersonExampleMap
[2019.09.26-17.36.51:995][122]LogPlayLevel: PIE: StaticDuplicateObject took: (0.016188s)
[2019.09.26-17.36.51:996][122]LogAIModule: Creating AISystem for world FirstPersonExampleMap
[2019.09.26-17.36.51:996][122]LogPlayLevel: PIE: World Init took: (0.001070s)
[2019.09.26-17.36.51:996][122]LogPlayLevel: PIE: Created PIE world by copying editor world from /Game/FirstPersonBP/Maps/FirstPersonExampleMap.FirstPersonExampleMap to /Game/FirstPersonBP/Maps/UEDPIE_0_FirstPersonExampleMap.FirstPersonExampleMap (0.017522s)
[2019.09.26-17.36.52:017][122]LogUObjectHash: Compacting FUObjectHashTables data took   1.11ms
[2019.09.26-17.36.52:047][122]LogInit: XAudio2 using 'Speakers (USB Audio DAC   )' : 2 channels at 48 kHz using 16 bits per sample (channel mask 0x3)
[2019.09.26-17.36.52:058][122]LogInit: FAudioDevice initialized.
[2019.09.26-17.36.52:067][122]LogLoad: Game class is 'FirstPersonGameMode_C'
[2019.09.26-17.36.52:122][122]LogWorld: Bringing World /Game/FirstPersonBP/Maps/UEDPIE_0_FirstPersonExampleMap.FirstPersonExampleMap up for play (max tick rate 0) at 2019.09.26-13.36.52
[2019.09.26-17.36.52:124][122]LogWorld: Bringing up level for play took: 0.003524
[2019.09.26-17.36.52:124][122]LogOnline: OSS: Creating online subsystem instance for: :Context_1
[2019.09.26-17.36.52:189][122]LogContentBrowser: Native class hierarchy updated for 'MovieSceneCapture' in 0.0002 seconds. Added 20 classes and 0 folders.
[2019.09.26-17.36.52:189][122]PIE: Play in editor start time for /Game/FirstPersonBP/Maps/UEDPIE_0_FirstPersonExampleMap 0.563
[2019.09.26-17.36.52:190][122]LogBlueprintUserMessages: Late PlayInEditor Detection: Level '/Game/FirstPersonBP/Maps/FirstPersonExampleMap.FirstPersonExampleMap:PersistentLevel' has LevelScriptBlueprint '/Game/FirstPersonBP/Maps/FirstPersonExampleMap.FirstPersonExampleMap:PersistentLevel.FirstPersonExampleMap' with GeneratedClass '/Game/FirstPersonBP/Maps/FirstPersonExampleMap.FirstPersonExampleMap_C' with ClassGeneratedBy '/Game/FirstPersonBP/Maps/FirstPersonExampleMap.FirstPersonExampleMap:PersistentLevel.FirstPersonExampleMap'
[2019.09.26-17.37.05:928][745]LogSpawn: Warning: SpawnActor failed because of collision at the spawn location [X=1134.683 Y=-411.449 Z=290.656] for [FirstPersonProjectile_C]
[2019.09.26-17.37.06:119][768]LogSpawn: Warning: SpawnActor failed because of collision at the spawn location [X=1119.055 Y=-396.962 Z=294.059] for [FirstPersonProjectile_C]
[2019.09.26-17.37.06:319][792]LogSpawn: Warning: SpawnActor failed because of collision at the spawn location [X=1113.843 Y=-393.397 Z=293.869] for [FirstPersonProjectile_C]
[2019.09.26-17.37.06:494][813]LogSpawn: Warning: SpawnActor failed because of collision at the spawn location [X=1114.427 Y=-398.170 Z=294.335] for [FirstPersonProjectile_C]
[2019.09.26-17.37.06:694][837]LogSpawn: Warning: SpawnActor failed because of collision at the spawn location [X=1113.772 Y=-402.866 Z=293.872] for [FirstPersonProjectile_C]
[2019.09.26-17.37.06:903][862]LogSpawn: Warning: SpawnActor failed because of collision at the spawn location [X=1113.850 Y=-401.393 Z=293.583] for [FirstPersonProjectile_C]
[2019.09.26-17.37.07:086][884]LogSpawn: Warning: SpawnActor failed because of collision at the spawn location [X=1116.041 Y=-399.766 Z=294.224] for [FirstPersonProjectile_C]
[2019.09.26-17.37.07:270][906]LogSpawn: Warning: SpawnActor failed because of collision at the spawn location [X=1119.524 Y=-403.109 Z=294.224] for [FirstPersonProjectile_C]
[2019.09.26-17.37.07:419][924]LogSpawn: Warning: SpawnActor failed because of collision at the spawn location [X=1124.467 Y=-406.355 Z=294.268] for [FirstPersonProjectile_C]
[2019.09.26-17.37.07:612][947]LogSpawn: Warning: SpawnActor failed because of collision at the spawn location [X=1128.668 Y=-410.535 Z=283.375] for [FirstPersonProjectile_C]
[2019.09.26-17.37.07:778][967]LogSpawn: Warning: SpawnActor failed because of collision at the spawn location [X=1145.249 Y=-414.844 Z=249.645] for [FirstPersonProjectile_C]
[2019.09.26-17.37.07:962][989]LogSpawn: Warning: SpawnActor failed because of collision at the spawn location [X=1149.391 Y=-412.870 Z=238.069] for [FirstPersonProjectile_C]
[2019.09.26-17.37.08:137][ 10]LogSpawn: Warning: SpawnActor failed because of collision at the spawn location [X=1150.773 Y=-412.093 Z=235.304] for [FirstPersonProjectile_C]
[2019.09.26-17.37.08:287][ 28]LogSpawn: Warning: SpawnActor failed because of collision at the spawn location [X=1160.000 Y=-415.129 Z=227.217] for [FirstPersonProjectile_C]
[2019.09.26-17.37.40:721][920]LogSpawn: Warning: SpawnActor failed because of collision at the spawn location [X=1473.111 Y=-7.716 Z=251.353] for [FirstPersonProjectile_C]
[2019.09.26-17.37.40:929][945]LogSpawn: Warning: SpawnActor failed because of collision at the spawn location [X=1466.412 Y=4.100 Z=247.978] for [FirstPersonProjectile_C]
[2019.09.26-17.37.41:146][971]LogSpawn: Warning: SpawnActor failed because of collision at the spawn location [X=1461.922 Y=-8.506 Z=276.701] for [FirstPersonProjectile_C]
[2019.09.26-17.37.41:346][995]LogCharacterMovement: FirstPersonCharacter_C_1 is stuck and failed to move! Velocity: X=1.69 Y=16.98 Z=0.00 Location: X=1566.40 Y=88.72 Z=268.40 Normal: X=1.00 Y=-0.01 Z=0.00 PenetrationDepth:2.514 Actor:EditorCube10_4 Component:StaticMeshComponent0 BoneName:None (0 other events since notify)
[2019.09.26-17.37.51:829][253]LogSpawn: Warning: SpawnActor failed because of collision at the spawn location [X=1507.919 Y=-1421.891 Z=273.249] for [FirstPersonProjectile_C]
[2019.09.26-17.37.52:013][275]LogSpawn: Warning: SpawnActor failed because of collision at the spawn location [X=1495.109 Y=-1423.621 Z=289.640] for [FirstPersonProjectile_C]
[2019.09.26-17.37.52:213][299]LogSpawn: Warning: SpawnActor failed because of collision at the spawn location [X=1484.371 Y=-1426.400 Z=292.462] for [FirstPersonProjectile_C]
[2019.09.26-17.41.14:530][567]LogSpawn: Warning: SpawnActor failed because of collision at the spawn location [X=-1994.757 Y=88.532 Z=334.087] for [FirstPersonProjectile_C]
[2019.09.26-17.41.14:722][590]LogSpawn: Warning: SpawnActor failed because of collision at the spawn location [X=-1981.550 Y=43.619 Z=340.394] for [FirstPersonProjectile_C]
[2019.09.26-17.42.15:083][827]LogSpawn: Warning: SpawnActor failed because of collision at the spawn location [X=-1381.625 Y=-398.181 Z=351.526] for [FirstPersonProjectile_C]
[2019.09.26-17.43.25:989][333]LogSpawn: Warning: SpawnActor failed because of collision at the spawn location [X=-573.690 Y=-1781.083 Z=459.548] for [FirstPersonProjectile_C]
[2019.09.26-17.43.26:322][373]LogSpawn: Warning: SpawnActor failed because of collision at the spawn location [X=-576.880 Y=-1778.480 Z=458.765] for [FirstPersonProjectile_C]
[2019.09.26-17.44.05:155][ 30]LogBlueprintUserMessages: Early EndPlayMap Detection: Level '/Game/FirstPersonBP/Maps/FirstPersonExampleMap.FirstPersonExampleMap:PersistentLevel' has LevelScriptBlueprint '/Game/FirstPersonBP/Maps/FirstPersonExampleMap.FirstPersonExampleMap:PersistentLevel.FirstPersonExampleMap' with GeneratedClass '/Game/FirstPersonBP/Maps/FirstPersonExampleMap.FirstPersonExampleMap_C' with ClassGeneratedBy '/Game/FirstPersonBP/Maps/FirstPersonExampleMap.FirstPersonExampleMap:PersistentLevel.FirstPersonExampleMap'
[2019.09.26-17.44.05:155][ 30]LogSlate: Updating window title bar state: overlay mode, drag disabled, window buttons hidden, title bar hidden
[2019.09.26-17.44.05:155][ 30]LogWorld: BeginTearingDown for /Game/FirstPersonBP/Maps/UEDPIE_0_FirstPersonExampleMap
[2019.09.26-17.44.05:155][ 30]LogWorld: UWorld::CleanupWorld for FirstPersonExampleMap, bSessionEnded=true, bCleanupResources=true
[2019.09.26-17.44.05:161][ 30]LogPlayLevel: Display: Shutting down PIE online subsystems
[2019.09.26-17.44.05:162][ 30]LogBlueprintUserMessages: Late EndPlayMap Detection: Level '/Game/FirstPersonBP/Maps/FirstPersonExampleMap.FirstPersonExampleMap:PersistentLevel' has LevelScriptBlueprint '/Game/FirstPersonBP/Maps/FirstPersonExampleMap.FirstPersonExampleMap:PersistentLevel.FirstPersonExampleMap' with GeneratedClass '/Game/FirstPersonBP/Maps/FirstPersonExampleMap.FirstPersonExampleMap_C' with ClassGeneratedBy '/Game/FirstPersonBP/Maps/FirstPersonExampleMap.FirstPersonExampleMap:PersistentLevel.FirstPersonExampleMap'
[2019.09.26-17.44.05:204][ 30]LogSlate: Updating window title bar state: overlay mode, drag disabled, window buttons hidden, title bar hidden
[2019.09.26-17.44.05:206][ 30]LogUObjectHash: Compacting FUObjectHashTables data took   1.31ms
[2019.09.26-17.44.05:258][ 36]LogPlayLevel: Display: Destroying online subsystem :Context_1
[2019.09.26-17.44.14:868][183]LogSlate: FSceneViewport::OnFocusLost() reason 0
[2019.09.26-17.44.18:124][573]LogSlate: FSceneViewport::OnFocusLost() reason 0
[2019.09.26-17.44.20:128][812]Cmd: BRUSH ADD SELECTNEWBRUSH
[2019.09.26-17.45.05:594][204]LogSlate: FSceneViewport::OnFocusLost() reason 0
[2019.09.26-17.46.17:398][697]LogSlate: FSceneViewport::OnFocusLost() reason 0
